#-----------------------------------------------------------
# Vivado v2019.2 (64-bit)
# SW Build 2708876 on Wed Nov  6 21:40:23 MST 2019
# IP Build 2700528 on Thu Nov  7 00:09:20 MST 2019
# Start of session at: Sun Jul 12 22:36:10 2020
# Process ID: 20560
# Current directory: C:/Users/catar/Desktop/git/md5-hardware/Md5Demo
# Command line: vivado.exe -gui_launcher_event rodinguilauncherevent3968 C:\Users\catar\Desktop\git\md5-hardware\Md5Demo\Md5Demo.xpr
# Log file: C:/Users/catar/Desktop/git/md5-hardware/Md5Demo/vivado.log
# Journal file: C:/Users/catar/Desktop/git/md5-hardware/Md5Demo\vivado.jou
#-----------------------------------------------------------
start_gui
open_project C:/Users/catar/Desktop/git/md5-hardware/Md5Demo/Md5Demo.xpr
Scanning sources...
Finished scanning sources
INFO: [IP_Flow 19-234] Refreshing IP repositories
INFO: [IP_Flow 19-1700] Loaded user IP repository 'c:/Users/catar/Desktop/git/md5-hardware/ip_repo/MD5HF_1.0'.
INFO: [IP_Flow 19-1700] Loaded user IP repository 'c:/Users/catar/Desktop/git/md5-hardware/ip_repo/Md5HashFunction_1.0'.
INFO: [IP_Flow 19-2313] Loaded Vivado IP repository 'C:/Xilinx/Vivado/2019.2/data/ip'.
open_project: Time (s): cpu = 00:00:13 ; elapsed = 00:00:08 . Memory (MB): peak = 764.430 ; gain = 95.727
update_compile_order -fileset sources_1
reset_run synth_1
exit
INFO: [Common 17-206] Exiting Vivado at Sun Jul 12 22:38:45 2020...
