Copyright 1986-2019 Xilinx, Inc. All Rights Reserved.
------------------------------------------------------------------------------------
| Tool Version : Vivado v.2019.2 (win64) Build 2708876 Wed Nov  6 21:40:23 MST 2019
| Date         : Sun Jul 12 19:00:03 2020
| Host         : GreatAtuin running 64-bit major release  (build 9200)
| Command      : upgrade_ip
| Device       : xc7a100tcsg324-1
------------------------------------------------------------------------------------

Upgrade Log for IP 'mb_design_MD5HF_0_1'

1. Summary
----------

SUCCESS in the upgrade of mb_design_MD5HF_0_1 (xilinx.com:user:MD5HF:1.0) from (Rev. 12) to (Rev. 13)






Copyright 1986-2019 Xilinx, Inc. All Rights Reserved.
------------------------------------------------------------------------------------
| Tool Version : Vivado v.2019.2 (win64) Build 2708876 Wed Nov  6 21:40:23 MST 2019
| Date         : Sun Jul 12 12:16:38 2020
| Host         : GreatAtuin running 64-bit major release  (build 9200)
| Command      : upgrade_ip
| Device       : xc7a100tcsg324-1
------------------------------------------------------------------------------------

Upgrade Log for IP 'mb_design_MD5HF_0_1'

1. Summary
----------

SUCCESS in the upgrade of mb_design_MD5HF_0_1 (xilinx.com:user:MD5HF:1.0) from (Rev. 11) to (Rev. 12)






Copyright 1986-2019 Xilinx, Inc. All Rights Reserved.
------------------------------------------------------------------------------------
| Tool Version : Vivado v.2019.2 (win64) Build 2708876 Wed Nov  6 21:40:23 MST 2019
| Date         : Sun Jul 12 11:28:19 2020
| Host         : GreatAtuin running 64-bit major release  (build 9200)
| Command      : upgrade_ip
| Device       : xc7a100tcsg324-1
------------------------------------------------------------------------------------

Upgrade Log for IP 'mb_design_MD5HF_0_1'

1. Summary
----------

SUCCESS in the upgrade of mb_design_MD5HF_0_1 (xilinx.com:user:MD5HF:1.0) from (Rev. 10) to (Rev. 11)






Copyright 1986-2019 Xilinx, Inc. All Rights Reserved.
------------------------------------------------------------------------------------
| Tool Version : Vivado v.2019.2 (win64) Build 2708876 Wed Nov  6 21:40:23 MST 2019
| Date         : Sun Jul 12 01:32:49 2020
| Host         : GreatAtuin running 64-bit major release  (build 9200)
| Command      : upgrade_ip
| Device       : xc7a100tcsg324-1
------------------------------------------------------------------------------------

Upgrade Log for IP 'mb_design_MD5HF_0_1'

1. Summary
----------

SUCCESS in the upgrade of mb_design_MD5HF_0_1 (xilinx.com:user:MD5HF:1.0) from (Rev. 9) to (Rev. 10)






Copyright 1986-2019 Xilinx, Inc. All Rights Reserved.
------------------------------------------------------------------------------------
| Tool Version : Vivado v.2019.2 (win64) Build 2708876 Wed Nov  6 21:40:23 MST 2019
| Date         : Sun Jul 12 01:14:34 2020
| Host         : GreatAtuin running 64-bit major release  (build 9200)
| Command      : upgrade_ip
| Device       : xc7a100tcsg324-1
------------------------------------------------------------------------------------

Upgrade Log for IP 'mb_design_MD5HF_0_1'

1. Summary
----------

SUCCESS in the upgrade of mb_design_MD5HF_0_1 (xilinx.com:user:MD5HF:1.0) from (Rev. 8) to (Rev. 9)






Copyright 1986-2019 Xilinx, Inc. All Rights Reserved.
------------------------------------------------------------------------------------
| Tool Version : Vivado v.2019.2 (win64) Build 2708876 Wed Nov  6 21:40:23 MST 2019
| Date         : Sun Jul 12 00:45:53 2020
| Host         : GreatAtuin running 64-bit major release  (build 9200)
| Command      : upgrade_ip
| Device       : xc7a100tcsg324-1
------------------------------------------------------------------------------------

Upgrade Log for IP 'mb_design_MD5HF_0_1'

1. Summary
----------

SUCCESS in the upgrade of mb_design_MD5HF_0_1 (xilinx.com:user:MD5HF:1.0) from (Rev. 7) to (Rev. 8)






Copyright 1986-2019 Xilinx, Inc. All Rights Reserved.
------------------------------------------------------------------------------------
| Tool Version : Vivado v.2019.2 (win64) Build 2708876 Wed Nov  6 21:40:23 MST 2019
| Date         : Sun Jul 12 00:21:37 2020
| Host         : GreatAtuin running 64-bit major release  (build 9200)
| Command      : upgrade_ip
| Device       : xc7a100tcsg324-1
------------------------------------------------------------------------------------

Upgrade Log for IP 'mb_design_MD5HF_0_1'

1. Summary
----------

SUCCESS in the upgrade of mb_design_MD5HF_0_1 (xilinx.com:user:MD5HF:1.0) from (Rev. 6) to (Rev. 7)






Copyright 1986-2019 Xilinx, Inc. All Rights Reserved.
------------------------------------------------------------------------------------
| Tool Version : Vivado v.2019.2 (win64) Build 2708876 Wed Nov  6 21:40:23 MST 2019
| Date         : Sat Jul 11 23:56:20 2020
| Host         : GreatAtuin running 64-bit major release  (build 9200)
| Command      : upgrade_ip
| Device       : xc7a100tcsg324-1
------------------------------------------------------------------------------------

Upgrade Log for IP 'mb_design_MD5HF_0_1'

1. Summary
----------

SUCCESS in the upgrade of mb_design_MD5HF_0_1 (xilinx.com:user:MD5HF:1.0) from (Rev. 5) to (Rev. 6)






Copyright 1986-2019 Xilinx, Inc. All Rights Reserved.
------------------------------------------------------------------------------------
| Tool Version : Vivado v.2019.2 (win64) Build 2708876 Wed Nov  6 21:40:23 MST 2019
| Date         : Sat Jul 11 23:33:16 2020
| Host         : GreatAtuin running 64-bit major release  (build 9200)
| Command      : upgrade_ip
| Device       : xc7a100tcsg324-1
------------------------------------------------------------------------------------

Upgrade Log for IP 'mb_design_MD5HF_0_1'

1. Summary
----------

SUCCESS in the upgrade of mb_design_MD5HF_0_1 (xilinx.com:user:MD5HF:1.0) from (Rev. 4) to (Rev. 5)






Copyright 1986-2019 Xilinx, Inc. All Rights Reserved.
------------------------------------------------------------------------------------
| Tool Version : Vivado v.2019.2 (win64) Build 2708876 Wed Nov  6 21:40:23 MST 2019
| Date         : Sat Jul 11 22:15:26 2020
| Host         : GreatAtuin running 64-bit major release  (build 9200)
| Command      : upgrade_ip
| Device       : xc7a100tcsg324-1
------------------------------------------------------------------------------------

Upgrade Log for IP 'mb_design_MD5HF_0_1'

1. Summary
----------

SUCCESS in the upgrade of mb_design_MD5HF_0_1 (xilinx.com:user:MD5HF:1.0) from (Rev. 3) to (Rev. 4)






Copyright 1986-2019 Xilinx, Inc. All Rights Reserved.
------------------------------------------------------------------------------------
| Tool Version : Vivado v.2019.2 (win64) Build 2708876 Wed Nov  6 21:40:23 MST 2019
| Date         : Sat Jul 11 19:23:32 2020
| Host         : GreatAtuin running 64-bit major release  (build 9200)
| Command      : upgrade_ip
| Device       : xc7a100tcsg324-1
------------------------------------------------------------------------------------

Upgrade Log for IP 'mb_design_MD5HF_0_1'

1. Summary
----------

SUCCESS in the upgrade of mb_design_MD5HF_0_1 (xilinx.com:user:MD5HF:1.0) from (Rev. 2) to (Rev. 3)






Copyright 1986-2019 Xilinx, Inc. All Rights Reserved.
------------------------------------------------------------------------------------
| Tool Version : Vivado v.2019.2 (win64) Build 2708876 Wed Nov  6 21:40:23 MST 2019
| Date         : Tue Jul  7 00:12:24 2020
| Host         : GreatAtuin running 64-bit major release  (build 9200)
| Command      : upgrade_ip
| Device       : xc7a100tcsg324-1
------------------------------------------------------------------------------------

Upgrade Log for IP 'mb_design_MD5HF_0_1'

1. Summary
----------

CAUTION (success, with warnings) in the upgrade of mb_design_MD5HF_0_1 (xilinx.com:user:MD5HF:1.0) from (Rev. 1) to (Rev. 2)

After upgrade, an IP may have parameter and port differences compared to the original customization. Please review the parameters within the IP customization GUI to ensure proper functionality. Also, please review the updated IP instantiation template to ensure proper connectivity, and update your design if required.

2. Connection Warnings
----------------------

Detected external port differences while upgrading 'mb_design_MD5HF_0_1'. These changes may impact your design.


-Upgraded port order differs after port 's00_axi_aclk'







Copyright 1986-2019 Xilinx, Inc. All Rights Reserved.
------------------------------------------------------------------------------------
| Tool Version : Vivado v.2019.2 (win64) Build 2708876 Wed Nov  6 21:40:23 MST 2019
| Date         : Mon Jun 29 10:33:14 2020
| Host         : GreatAtuin running 64-bit major release  (build 9200)
| Command      : upgrade_ip
| Device       : xc7a100tcsg324-1
------------------------------------------------------------------------------------

Upgrade Log for IP 'mb_design_Md5HashFunction_0_0'

1. Summary
----------

SUCCESS in the upgrade of mb_design_Md5HashFunction_0_0 (xilinx.com:user:Md5HashFunction:1.0) from (Rev. 6) to (Rev. 7)






Copyright 1986-2019 Xilinx, Inc. All Rights Reserved.
------------------------------------------------------------------------------------
| Tool Version : Vivado v.2019.2 (win64) Build 2708876 Wed Nov  6 21:40:23 MST 2019
| Date         : Mon Jun 29 10:25:44 2020
| Host         : GreatAtuin running 64-bit major release  (build 9200)
| Command      : upgrade_ip
| Device       : xc7a100tcsg324-1
------------------------------------------------------------------------------------

Upgrade Log for IP 'mb_design_Md5HashFunction_0_0'

1. Summary
----------

SUCCESS in the upgrade of mb_design_Md5HashFunction_0_0 (xilinx.com:user:Md5HashFunction:1.0) from (Rev. 5) to (Rev. 6)






Copyright 1986-2019 Xilinx, Inc. All Rights Reserved.
------------------------------------------------------------------------------------
| Tool Version : Vivado v.2019.2 (win64) Build 2708876 Wed Nov  6 21:40:23 MST 2019
| Date         : Mon Jun 29 10:13:45 2020
| Host         : GreatAtuin running 64-bit major release  (build 9200)
| Command      : upgrade_ip
| Device       : xc7a100tcsg324-1
------------------------------------------------------------------------------------

Upgrade Log for IP 'mb_design_Md5HashFunction_0_0'

1. Summary
----------

SUCCESS in the upgrade of mb_design_Md5HashFunction_0_0 (xilinx.com:user:Md5HashFunction:1.0) from (Rev. 4) to (Rev. 5)






Copyright 1986-2019 Xilinx, Inc. All Rights Reserved.
------------------------------------------------------------------------------------
| Tool Version : Vivado v.2019.2 (win64) Build 2708876 Wed Nov  6 21:40:23 MST 2019
| Date         : Sun Jun 28 22:22:31 2020
| Host         : GreatAtuin running 64-bit major release  (build 9200)
| Command      : upgrade_ip
| Device       : xc7a100tcsg324-1
------------------------------------------------------------------------------------

Upgrade Log for IP 'mb_design_Md5HashFunction_0_0'

1. Summary
----------

SUCCESS in the upgrade of mb_design_Md5HashFunction_0_0 (xilinx.com:user:Md5HashFunction:1.0) from (Rev. 3) to (Rev. 4)






Copyright 1986-2019 Xilinx, Inc. All Rights Reserved.
------------------------------------------------------------------------------------
| Tool Version : Vivado v.2019.2 (win64) Build 2708876 Wed Nov  6 21:40:23 MST 2019
| Date         : Mon Jun 22 23:10:40 2020
| Host         : GreatAtuin running 64-bit major release  (build 9200)
| Command      : upgrade_ip
| Device       : xc7a100tcsg324-1
------------------------------------------------------------------------------------

Upgrade Log for IP 'mb_design_Md5HashFunction_0_0'

1. Summary
----------

SUCCESS in the upgrade of mb_design_Md5HashFunction_0_0 (xilinx.com:user:Md5HashFunction:1.0) from (Rev. 2) to (Rev. 3)






Copyright 1986-2019 Xilinx, Inc. All Rights Reserved.
------------------------------------------------------------------------------------
| Tool Version : Vivado v.2019.2 (win64) Build 2708876 Wed Nov  6 21:40:23 MST 2019
| Date         : Fri Jun 12 13:40:39 2020
| Host         : GreatAtuin running 64-bit major release  (build 9200)
| Command      : upgrade_ip
| Device       : xc7a100tcsg324-1
------------------------------------------------------------------------------------

Upgrade Log for IP 'mb_design_Md5HashFunction_0_0'

1. Summary
----------

CAUTION (success, with warnings) in the upgrade of mb_design_Md5HashFunction_0_0 (xilinx.com:user:Md5HashFunction:1.0) from (Rev. 1) to (Rev. 2)

After upgrade, an IP may have parameter and port differences compared to the original customization. Please review the parameters within the IP customization GUI to ensure proper functionality. Also, please review the updated IP instantiation template to ensure proper connectivity, and update your design if required.

2. Connection Warnings
----------------------

Detected external port differences while upgrading 'mb_design_Md5HashFunction_0_0'. These changes may impact your design.


-Upgraded port order differs after port 'm00_axis_aclk'


