#-----------------------------------------------------------
# Vivado v2019.2 (64-bit)
# SW Build 2708876 on Wed Nov  6 21:40:23 MST 2019
# IP Build 2700528 on Thu Nov  7 00:09:20 MST 2019
# Start of session at: Sat Jul 11 18:54:08 2020
# Process ID: 13636
# Current directory: C:/Users/catar/Desktop/git/md5-hardware/Md5Demo
# Command line: vivado.exe -gui_launcher_event rodinguilauncherevent21436 C:\Users\catar\Desktop\git\md5-hardware\Md5Demo\Md5Demo.xpr
# Log file: C:/Users/catar/Desktop/git/md5-hardware/Md5Demo/vivado.log
# Journal file: C:/Users/catar/Desktop/git/md5-hardware/Md5Demo\vivado.jou
#-----------------------------------------------------------
start_gui
open_project C:/Users/catar/Desktop/git/md5-hardware/Md5Demo/Md5Demo.xpr
Scanning sources...
Finished scanning sources
INFO: [IP_Flow 19-234] Refreshing IP repositories
INFO: [IP_Flow 19-1700] Loaded user IP repository 'c:/Users/catar/Desktop/git/md5-hardware/ip_repo/MD5HF_1.0'.
INFO: [IP_Flow 19-1700] Loaded user IP repository 'c:/Users/catar/Desktop/git/md5-hardware/ip_repo/Md5HashFunction_1.0'.
INFO: [IP_Flow 19-2313] Loaded Vivado IP repository 'C:/Xilinx/Vivado/2019.2/data/ip'.
WARNING: [IP_Flow 19-3664] IP 'mb_design_MD5HF_0_1' generated file not found 'c:/Users/catar/Desktop/git/md5-hardware/Md5Demo/Md5Demo.srcs/sources_1/bd/mb_design/ip/mb_design_MD5HF_0_1/mb_design_MD5HF_0_1.dcp'. Please regenerate to continue.
WARNING: [IP_Flow 19-3664] IP 'mb_design_MD5HF_0_1' generated file not found 'c:/Users/catar/Desktop/git/md5-hardware/Md5Demo/Md5Demo.srcs/sources_1/bd/mb_design/ip/mb_design_MD5HF_0_1/mb_design_MD5HF_0_1_stub.v'. Please regenerate to continue.
WARNING: [IP_Flow 19-3664] IP 'mb_design_MD5HF_0_1' generated file not found 'c:/Users/catar/Desktop/git/md5-hardware/Md5Demo/Md5Demo.srcs/sources_1/bd/mb_design/ip/mb_design_MD5HF_0_1/mb_design_MD5HF_0_1_stub.vhdl'. Please regenerate to continue.
WARNING: [IP_Flow 19-3664] IP 'mb_design_MD5HF_0_1' generated file not found 'c:/Users/catar/Desktop/git/md5-hardware/Md5Demo/Md5Demo.srcs/sources_1/bd/mb_design/ip/mb_design_MD5HF_0_1/mb_design_MD5HF_0_1_sim_netlist.v'. Please regenerate to continue.
WARNING: [IP_Flow 19-3664] IP 'mb_design_MD5HF_0_1' generated file not found 'c:/Users/catar/Desktop/git/md5-hardware/Md5Demo/Md5Demo.srcs/sources_1/bd/mb_design/ip/mb_design_MD5HF_0_1/mb_design_MD5HF_0_1_sim_netlist.vhdl'. Please regenerate to continue.
open_project: Time (s): cpu = 00:00:17 ; elapsed = 00:00:12 . Memory (MB): peak = 784.176 ; gain = 171.422
update_compile_order -fileset sources_1
open_bd_design {C:/Users/catar/Desktop/git/md5-hardware/Md5Demo/Md5Demo.srcs/sources_1/bd/mb_design/mb_design.bd}
Adding component instance block -- xilinx.com:ip:axi_interconnect:2.1 - microblaze_0_axi_periph
Adding component instance block -- xilinx.com:ip:axi_crossbar:2.1 - xbar
Adding component instance block -- xilinx.com:ip:axi_protocol_converter:2.1 - auto_pc
Adding component instance block -- xilinx.com:ip:axi_protocol_converter:2.1 - auto_pc
Adding component instance block -- xilinx.com:ip:axi_protocol_converter:2.1 - auto_pc
Adding component instance block -- xilinx.com:ip:axi_protocol_converter:2.1 - auto_pc
Adding component instance block -- xilinx.com:ip:axi_protocol_converter:2.1 - auto_pc
Adding component instance block -- xilinx.com:ip:axi_protocol_converter:2.1 - auto_pc
Adding component instance block -- xilinx.com:ip:axi_protocol_converter:2.1 - auto_pc
Adding component instance block -- xilinx.com:ip:axi_protocol_converter:2.1 - auto_pc
Adding component instance block -- xilinx.com:ip:axi_protocol_converter:2.1 - auto_pc
Adding component instance block -- xilinx.com:ip:axi_protocol_converter:2.1 - auto_pc
Adding component instance block -- xilinx.com:ip:axi_intc:4.1 - microblaze_0_axi_intc
Adding component instance block -- xilinx.com:ip:xlconcat:2.1 - microblaze_0_xlconcat
Adding component instance block -- xilinx.com:ip:mdm:3.2 - mdm_1
Adding component instance block -- xilinx.com:ip:clk_wiz:6.0 - clk_wiz_1
Adding component instance block -- xilinx.com:ip:proc_sys_reset:5.0 - rst_clk_wiz_1_100M
Adding component instance block -- xilinx.com:ip:axi_gpio:2.0 - axi_gpio_buttons
Adding component instance block -- xilinx.com:ip:axi_gpio:2.0 - axi_gpio_switches
Adding component instance block -- xilinx.com:ip:axi_gpio:2.0 - axi_gpio_leds
Adding component instance block -- xilinx.com:ip:axi_gpio:2.0 - axi_gpio_display
Adding component instance block -- xilinx.com:ip:axi_uartlite:2.0 - axi_uartlite_0
Adding component instance block -- xilinx.com:ip:axi_timer:2.0 - axi_timer_0
Adding component instance block -- xilinx.com:ip:fit_timer:2.0 - fit_timer_0
Adding component instance block -- xilinx.com:ip:axi_emc:3.0 - axi_emc_0
Adding component instance block -- xilinx.com:ip:microblaze:11.0 - microblaze_0
Adding component instance block -- xilinx.com:ip:lmb_v10:3.0 - dlmb_v10
Adding component instance block -- xilinx.com:ip:lmb_v10:3.0 - ilmb_v10
Adding component instance block -- xilinx.com:ip:lmb_bram_if_cntlr:4.0 - dlmb_bram_if_cntlr
Adding component instance block -- xilinx.com:ip:lmb_bram_if_cntlr:4.0 - ilmb_bram_if_cntlr
Adding component instance block -- xilinx.com:ip:blk_mem_gen:8.4 - lmb_bram
Adding component instance block -- xilinx.com:ip:axi_dma:7.1 - axi_dma_0
Adding component instance block -- xilinx.com:ip:axis_data_fifo:2.0 - axis_data_fifo_0
Adding component instance block -- xilinx.com:user:MD5HF:1.0 - MD5HF_0
Excluding slave segment /MD5HF_0/S00_AXI/S00_AXI_reg from address space /axi_dma_0/Data_MM2S.
Excluding slave segment /axi_dma_0/S_AXI_LITE/Reg from address space /axi_dma_0/Data_MM2S.
Excluding slave segment /axi_gpio_buttons/S_AXI/Reg from address space /axi_dma_0/Data_MM2S.
Excluding slave segment /axi_gpio_display/S_AXI/Reg from address space /axi_dma_0/Data_MM2S.
Excluding slave segment /axi_gpio_leds/S_AXI/Reg from address space /axi_dma_0/Data_MM2S.
Excluding slave segment /axi_gpio_switches/S_AXI/Reg from address space /axi_dma_0/Data_MM2S.
Excluding slave segment /axi_timer_0/S_AXI/Reg from address space /axi_dma_0/Data_MM2S.
Excluding slave segment /axi_uartlite_0/S_AXI/Reg from address space /axi_dma_0/Data_MM2S.
Excluding slave segment /microblaze_0_axi_intc/S_AXI/Reg from address space /axi_dma_0/Data_MM2S.
Successfully read diagram <mb_design> from BD file <C:/Users/catar/Desktop/git/md5-hardware/Md5Demo/Md5Demo.srcs/sources_1/bd/mb_design/mb_design.bd>
open_bd_design: Time (s): cpu = 00:00:12 ; elapsed = 00:00:11 . Memory (MB): peak = 1345.875 ; gain = 0.000
ipx::edit_ip_in_project -upgrade true -name MD5HF_v1_0_project -directory C:/Users/catar/Desktop/git/md5-hardware/Md5Demo/Md5Demo.tmp/MD5HF_v1_0_project c:/Users/catar/Desktop/git/md5-hardware/ip_repo/MD5HF_1.0/component.xml
INFO: [IP_Flow 19-234] Refreshing IP repositories
INFO: [IP_Flow 19-1704] No user IP repositories specified
INFO: [IP_Flow 19-2313] Loaded Vivado IP repository 'C:/Xilinx/Vivado/2019.2/data/ip'.
INFO: [IP_Flow 19-234] Refreshing IP repositories
INFO: [IP_Flow 19-1700] Loaded user IP repository 'c:/Users/catar/Desktop/git/md5-hardware/ip_repo/MD5HF_1.0'.
INFO: [IP_Flow 19-1700] Loaded user IP repository 'c:/Users/catar/Desktop/git/md5-hardware/ip_repo/Md5HashFunction_1.0'.
INFO: [IP_Flow 19-795] Syncing license key meta-data
ipx::edit_ip_in_project: Time (s): cpu = 00:00:11 ; elapsed = 00:00:06 . Memory (MB): peak = 1345.875 ; gain = 0.000
update_compile_order -fileset sources_1
launch_runs synth_1 -jobs 4
[Sat Jul 11 18:56:19 2020] Launched synth_1...
Run output will be captured here: c:/users/catar/desktop/git/md5-hardware/md5demo/md5demo.tmp/md5hf_v1_0_project/MD5HF_v1_0_project.runs/synth_1/runme.log
reset_run synth_1
launch_runs synth_1 -jobs 4
[Sat Jul 11 19:20:25 2020] Launched synth_1...
Run output will be captured here: c:/users/catar/desktop/git/md5-hardware/md5demo/md5demo.tmp/md5hf_v1_0_project/MD5HF_v1_0_project.runs/synth_1/runme.log
ipx::merge_project_changes files [ipx::current_core]
WARNING: [IP_Flow 19-5226] Project source file 'c:/Users/catar/Desktop/git/md5-hardware/ip_repo/MD5HF_1.0/component.xml' ignored by IP packager.
set_property core_revision 3 [ipx::current_core]
ipx::update_source_project_archive -component [ipx::current_core]
ipx::create_xgui_files [ipx::current_core]
ipx::update_checksums [ipx::current_core]
ipx::save_core [ipx::current_core]
ipx::move_temp_component_back -component [ipx::current_core]
close_project -delete
update_ip_catalog -rebuild -repo_path c:/Users/catar/Desktop/git/md5-hardware/ip_repo/MD5HF_1.0
INFO: [IP_Flow 19-725] Reloaded user IP repository 'c:/Users/catar/Desktop/git/md5-hardware/ip_repo/MD5HF_1.0'
report_ip_status -name ip_status 
upgrade_ip -vlnv xilinx.com:user:MD5HF:1.0 [get_ips  mb_design_MD5HF_0_1] -log ip_upgrade.log
Upgrading 'C:/Users/catar/Desktop/git/md5-hardware/Md5Demo/Md5Demo.srcs/sources_1/bd/mb_design/mb_design.bd'
INFO: [IP_Flow 19-3422] Upgraded mb_design_MD5HF_0_1 (MD5HF_v1.0 1.0) from revision 2 to revision 3
Excluding slave segment /MD5HF_0/S00_AXI/S00_AXI_reg from address space /axi_dma_0/Data_MM2S.
Wrote  : <C:\Users\catar\Desktop\git\md5-hardware\Md5Demo\Md5Demo.srcs\sources_1\bd\mb_design\mb_design.bd> 
Wrote  : <C:/Users/catar/Desktop/git/md5-hardware/Md5Demo/Md5Demo.srcs/sources_1/bd/mb_design/ui/bd_db273ea8.ui> 
INFO: [Coretcl 2-1525] Wrote upgrade log to 'C:/Users/catar/Desktop/git/md5-hardware/Md5Demo/ip_upgrade.log'.
export_ip_user_files -of_objects [get_ips mb_design_MD5HF_0_1] -no_script -sync -force -quiet
generate_target all [get_files  C:/Users/catar/Desktop/git/md5-hardware/Md5Demo/Md5Demo.srcs/sources_1/bd/mb_design/mb_design.bd]
INFO: [xilinx.com:ip:axi_intc:4.1-1] /microblaze_0_axi_intc: The AXI INTC core has been configured to operate with synchronous clocks.
INFO: [xilinx.com:ip:axi_intc:4.1-1] /microblaze_0_axi_intc: The AXI INTC core has been configured to operate with synchronous clocks.
WARNING: [xilinx.com:ip:axi_intc:4.1-6] /microblaze_0_axi_intc: Property SENSITIVITY = "NULL" for interrupt input 6 not recognized - using default interrupt type Rising Edge. Please change this manually if necessary.
Wrote  : <C:\Users\catar\Desktop\git\md5-hardware\Md5Demo\Md5Demo.srcs\sources_1\bd\mb_design\mb_design.bd> 
VHDL Output written to : C:/Users/catar/Desktop/git/md5-hardware/Md5Demo/Md5Demo.srcs/sources_1/bd/mb_design/synth/mb_design.vhd
VHDL Output written to : C:/Users/catar/Desktop/git/md5-hardware/Md5Demo/Md5Demo.srcs/sources_1/bd/mb_design/sim/mb_design.vhd
VHDL Output written to : C:/Users/catar/Desktop/git/md5-hardware/Md5Demo/Md5Demo.srcs/sources_1/bd/mb_design/hdl/mb_design_wrapper.vhd
INFO: [BD 41-1029] Generation completed for the IP Integrator block microblaze_0_axi_periph/xbar .
INFO: [BD 41-1029] Generation completed for the IP Integrator block microblaze_0_axi_intc .
INFO: [BD 41-1029] Generation completed for the IP Integrator block microblaze_0_xlconcat .
INFO: [BD 41-1029] Generation completed for the IP Integrator block mdm_1 .
INFO: [BD 41-1029] Generation completed for the IP Integrator block clk_wiz_1 .
INFO: [BD 41-1029] Generation completed for the IP Integrator block rst_clk_wiz_1_100M .
INFO: [BD 41-1029] Generation completed for the IP Integrator block axi_gpio_buttons .
INFO: [BD 41-1029] Generation completed for the IP Integrator block axi_gpio_switches .
INFO: [BD 41-1029] Generation completed for the IP Integrator block axi_gpio_leds .
INFO: [BD 41-1029] Generation completed for the IP Integrator block axi_gpio_display .
INFO: [BD 41-1029] Generation completed for the IP Integrator block axi_uartlite_0 .
INFO: [BD 41-1029] Generation completed for the IP Integrator block axi_timer_0 .
INFO: [BD 41-1029] Generation completed for the IP Integrator block fit_timer_0 .
INFO: [BD 41-1029] Generation completed for the IP Integrator block axi_emc_0 .
INFO: [BD 41-1029] Generation completed for the IP Integrator block microblaze_0 .
INFO: [BD 41-1029] Generation completed for the IP Integrator block microblaze_0_local_memory/dlmb_v10 .
INFO: [BD 41-1029] Generation completed for the IP Integrator block microblaze_0_local_memory/ilmb_v10 .
INFO: [BD 41-1029] Generation completed for the IP Integrator block microblaze_0_local_memory/dlmb_bram_if_cntlr .
INFO: [BD 41-1029] Generation completed for the IP Integrator block microblaze_0_local_memory/ilmb_bram_if_cntlr .
INFO: [BD 41-1029] Generation completed for the IP Integrator block microblaze_0_local_memory/lmb_bram .
INFO: [BD 41-1029] Generation completed for the IP Integrator block axi_dma_0 .
INFO: [BD 41-1029] Generation completed for the IP Integrator block axis_data_fifo_0 .
INFO: [BD 41-1029] Generation completed for the IP Integrator block MD5HF_0 .
WARNING: [IP_Flow 19-4994] Overwriting existing constraint file 'c:/Users/catar/Desktop/git/md5-hardware/Md5Demo/Md5Demo.srcs/sources_1/bd/mb_design/ip/mb_design_auto_pc_9/mb_design_auto_pc_9_ooc.xdc'
INFO: [BD 41-1029] Generation completed for the IP Integrator block microblaze_0_axi_periph/s00_couplers/auto_pc .
WARNING: [IP_Flow 19-4994] Overwriting existing constraint file 'c:/Users/catar/Desktop/git/md5-hardware/Md5Demo/Md5Demo.srcs/sources_1/bd/mb_design/ip/mb_design_auto_pc_0/mb_design_auto_pc_0_ooc.xdc'
INFO: [BD 41-1029] Generation completed for the IP Integrator block microblaze_0_axi_periph/m00_couplers/auto_pc .
WARNING: [IP_Flow 19-4994] Overwriting existing constraint file 'c:/Users/catar/Desktop/git/md5-hardware/Md5Demo/Md5Demo.srcs/sources_1/bd/mb_design/ip/mb_design_auto_pc_1/mb_design_auto_pc_1_ooc.xdc'
INFO: [BD 41-1029] Generation completed for the IP Integrator block microblaze_0_axi_periph/m01_couplers/auto_pc .
WARNING: [IP_Flow 19-4994] Overwriting existing constraint file 'c:/Users/catar/Desktop/git/md5-hardware/Md5Demo/Md5Demo.srcs/sources_1/bd/mb_design/ip/mb_design_auto_pc_2/mb_design_auto_pc_2_ooc.xdc'
INFO: [BD 41-1029] Generation completed for the IP Integrator block microblaze_0_axi_periph/m02_couplers/auto_pc .
WARNING: [IP_Flow 19-4994] Overwriting existing constraint file 'c:/Users/catar/Desktop/git/md5-hardware/Md5Demo/Md5Demo.srcs/sources_1/bd/mb_design/ip/mb_design_auto_pc_3/mb_design_auto_pc_3_ooc.xdc'
INFO: [BD 41-1029] Generation completed for the IP Integrator block microblaze_0_axi_periph/m03_couplers/auto_pc .
WARNING: [IP_Flow 19-4994] Overwriting existing constraint file 'c:/Users/catar/Desktop/git/md5-hardware/Md5Demo/Md5Demo.srcs/sources_1/bd/mb_design/ip/mb_design_auto_pc_4/mb_design_auto_pc_4_ooc.xdc'
INFO: [BD 41-1029] Generation completed for the IP Integrator block microblaze_0_axi_periph/m04_couplers/auto_pc .
WARNING: [IP_Flow 19-4994] Overwriting existing constraint file 'c:/Users/catar/Desktop/git/md5-hardware/Md5Demo/Md5Demo.srcs/sources_1/bd/mb_design/ip/mb_design_auto_pc_5/mb_design_auto_pc_5_ooc.xdc'
INFO: [BD 41-1029] Generation completed for the IP Integrator block microblaze_0_axi_periph/m05_couplers/auto_pc .
WARNING: [IP_Flow 19-4994] Overwriting existing constraint file 'c:/Users/catar/Desktop/git/md5-hardware/Md5Demo/Md5Demo.srcs/sources_1/bd/mb_design/ip/mb_design_auto_pc_6/mb_design_auto_pc_6_ooc.xdc'
INFO: [BD 41-1029] Generation completed for the IP Integrator block microblaze_0_axi_periph/m06_couplers/auto_pc .
WARNING: [IP_Flow 19-4994] Overwriting existing constraint file 'c:/Users/catar/Desktop/git/md5-hardware/Md5Demo/Md5Demo.srcs/sources_1/bd/mb_design/ip/mb_design_auto_pc_7/mb_design_auto_pc_7_ooc.xdc'
INFO: [BD 41-1029] Generation completed for the IP Integrator block microblaze_0_axi_periph/m08_couplers/auto_pc .
WARNING: [IP_Flow 19-4994] Overwriting existing constraint file 'c:/Users/catar/Desktop/git/md5-hardware/Md5Demo/Md5Demo.srcs/sources_1/bd/mb_design/ip/mb_design_auto_pc_8/mb_design_auto_pc_8_ooc.xdc'
INFO: [BD 41-1029] Generation completed for the IP Integrator block microblaze_0_axi_periph/m09_couplers/auto_pc .
Exporting to file C:/Users/catar/Desktop/git/md5-hardware/Md5Demo/Md5Demo.srcs/sources_1/bd/mb_design/hw_handoff/mb_design.hwh
Generated Block Design Tcl file C:/Users/catar/Desktop/git/md5-hardware/Md5Demo/Md5Demo.srcs/sources_1/bd/mb_design/hw_handoff/mb_design_bd.tcl
Generated Hardware Definition File C:/Users/catar/Desktop/git/md5-hardware/Md5Demo/Md5Demo.srcs/sources_1/bd/mb_design/synth/mb_design.hwdef
generate_target: Time (s): cpu = 00:00:11 ; elapsed = 00:00:13 . Memory (MB): peak = 1671.664 ; gain = 170.344
catch { config_ip_cache -export [get_ips -all mb_design_MD5HF_0_1] }
catch { config_ip_cache -export [get_ips -all mb_design_auto_pc_9] }
INFO: [IP_Flow 19-4993] Using cached IP synthesis design for IP mb_design_auto_pc_9, cache-ID = 187688b738407347; cache size = 21.035 MB.
catch { config_ip_cache -export [get_ips -all mb_design_auto_pc_0] }
INFO: [IP_Flow 19-4993] Using cached IP synthesis design for IP mb_design_auto_pc_0, cache-ID = b11a40d5773b18eb; cache size = 21.035 MB.
catch { config_ip_cache -export [get_ips -all mb_design_auto_pc_1] }
INFO: [IP_Flow 19-4993] Using cached IP synthesis design for IP mb_design_auto_pc_1, cache-ID = b11a40d5773b18eb; cache size = 21.035 MB.
catch { config_ip_cache -export [get_ips -all mb_design_auto_pc_2] }
INFO: [IP_Flow 19-4993] Using cached IP synthesis design for IP mb_design_auto_pc_2, cache-ID = b11a40d5773b18eb; cache size = 21.035 MB.
catch { config_ip_cache -export [get_ips -all mb_design_auto_pc_3] }
INFO: [IP_Flow 19-4993] Using cached IP synthesis design for IP mb_design_auto_pc_3, cache-ID = b11a40d5773b18eb; cache size = 21.035 MB.
catch { config_ip_cache -export [get_ips -all mb_design_auto_pc_4] }
INFO: [IP_Flow 19-4993] Using cached IP synthesis design for IP mb_design_auto_pc_4, cache-ID = b11a40d5773b18eb; cache size = 21.035 MB.
catch { config_ip_cache -export [get_ips -all mb_design_auto_pc_5] }
INFO: [IP_Flow 19-4993] Using cached IP synthesis design for IP mb_design_auto_pc_5, cache-ID = b11a40d5773b18eb; cache size = 21.035 MB.
catch { config_ip_cache -export [get_ips -all mb_design_auto_pc_6] }
INFO: [IP_Flow 19-4993] Using cached IP synthesis design for IP mb_design_auto_pc_6, cache-ID = b11a40d5773b18eb; cache size = 21.035 MB.
catch { config_ip_cache -export [get_ips -all mb_design_auto_pc_7] }
INFO: [IP_Flow 19-4993] Using cached IP synthesis design for IP mb_design_auto_pc_7, cache-ID = b11a40d5773b18eb; cache size = 21.035 MB.
catch { config_ip_cache -export [get_ips -all mb_design_auto_pc_8] }
INFO: [IP_Flow 19-4993] Using cached IP synthesis design for IP mb_design_auto_pc_8, cache-ID = b11a40d5773b18eb; cache size = 21.035 MB.
export_ip_user_files -of_objects [get_files C:/Users/catar/Desktop/git/md5-hardware/Md5Demo/Md5Demo.srcs/sources_1/bd/mb_design/mb_design.bd] -no_script -sync -force -quiet
create_ip_run [get_files -of_objects [get_fileset sources_1] C:/Users/catar/Desktop/git/md5-hardware/Md5Demo/Md5Demo.srcs/sources_1/bd/mb_design/mb_design.bd]
launch_runs -jobs 4 mb_design_MD5HF_0_1_synth_1
[Sat Jul 11 19:23:57 2020] Launched mb_design_MD5HF_0_1_synth_1...
Run output will be captured here: C:/Users/catar/Desktop/git/md5-hardware/Md5Demo/Md5Demo.runs/mb_design_MD5HF_0_1_synth_1/runme.log
export_simulation -of_objects [get_files C:/Users/catar/Desktop/git/md5-hardware/Md5Demo/Md5Demo.srcs/sources_1/bd/mb_design/mb_design.bd] -directory C:/Users/catar/Desktop/git/md5-hardware/Md5Demo/Md5Demo.ip_user_files/sim_scripts -ip_user_files_dir C:/Users/catar/Desktop/git/md5-hardware/Md5Demo/Md5Demo.ip_user_files -ipstatic_source_dir C:/Users/catar/Desktop/git/md5-hardware/Md5Demo/Md5Demo.ip_user_files/ipstatic -lib_map_path [list {modelsim=C:/Users/catar/Desktop/git/md5-hardware/Md5Demo/Md5Demo.cache/compile_simlib/modelsim} {questa=C:/Users/catar/Desktop/git/md5-hardware/Md5Demo/Md5Demo.cache/compile_simlib/questa} {riviera=C:/Users/catar/Desktop/git/md5-hardware/Md5Demo/Md5Demo.cache/compile_simlib/riviera} {activehdl=C:/Users/catar/Desktop/git/md5-hardware/Md5Demo/Md5Demo.cache/compile_simlib/activehdl}] -use_ip_compiled_libs -force -quiet
make_wrapper -files [get_files C:/Users/catar/Desktop/git/md5-hardware/Md5Demo/Md5Demo.srcs/sources_1/bd/mb_design/mb_design.bd] -top
make_wrapper -files [get_files C:/Users/catar/Desktop/git/md5-hardware/Md5Demo/Md5Demo.srcs/sources_1/bd/mb_design/mb_design.bd] -top
reset_run synth_1
launch_runs impl_1 -to_step write_bitstream -jobs 4
[Sat Jul 11 19:25:39 2020] Launched synth_1...
Run output will be captured here: C:/Users/catar/Desktop/git/md5-hardware/Md5Demo/Md5Demo.runs/synth_1/runme.log
[Sat Jul 11 19:25:39 2020] Launched impl_1...
Run output will be captured here: C:/Users/catar/Desktop/git/md5-hardware/Md5Demo/Md5Demo.runs/impl_1/runme.log
write_hw_platform -fixed -force  -include_bit -file C:/Users/catar/Desktop/git/md5-hardware/Md5Demo/mb_design_wrapper.xsa
INFO: [Vivado 12-4895] Creating Hardware Platform: C:/Users/catar/Desktop/git/md5-hardware/Md5Demo/mb_design_wrapper.xsa ...
INFO: [Hsi 55-2053] elapsed time for repository (C:/Xilinx/Vivado/2019.2/data\embeddedsw) loading 0 seconds
WARNING: [Project 1-645] Board images not set in Hardware Platform.
INFO: [Vivado 12-4896] Successfully created Hardware Platform: C:/Users/catar/Desktop/git/md5-hardware/Md5Demo/mb_design_wrapper.xsa
INFO: [Vivado 12-8231] Launching Vitis
INFO: [Vivado 12-417] Running vitis
INFO: [Vivado 12-8232] Vitis launch initiated. Please check console for any further messages.
make_wrapper -files [get_files C:/Users/catar/Desktop/git/md5-hardware/Md5Demo/Md5Demo.srcs/sources_1/bd/mb_design/mb_design.bd] -top
reset_run impl_1 -prev_step 
launch_runs impl_1 -to_step write_bitstream -jobs 4
[Sat Jul 11 20:02:13 2020] Launched impl_1...
Run output will be captured here: C:/Users/catar/Desktop/git/md5-hardware/Md5Demo/Md5Demo.runs/impl_1/runme.log
write_hw_platform -fixed -force  -include_bit -file C:/Users/catar/Desktop/git/md5-hardware/Md5Demo/mb_design_wrapper.xsa
INFO: [Vivado 12-4895] Creating Hardware Platform: C:/Users/catar/Desktop/git/md5-hardware/Md5Demo/mb_design_wrapper.xsa ...
WARNING: [Project 1-645] Board images not set in Hardware Platform.
INFO: [Vivado 12-4896] Successfully created Hardware Platform: C:/Users/catar/Desktop/git/md5-hardware/Md5Demo/mb_design_wrapper.xsa
INFO: [Vivado 12-8231] Launching Vitis
INFO: [Vivado 12-417] Running vitis
INFO: [Vivado 12-8232] Vitis launch initiated. Please check console for any further messages.
ipx::edit_ip_in_project -upgrade true -name MD5HF_v1_0_project -directory C:/Users/catar/Desktop/git/md5-hardware/Md5Demo/Md5Demo.tmp/MD5HF_v1_0_project c:/Users/catar/Desktop/git/md5-hardware/ip_repo/MD5HF_1.0/component.xml
INFO: [IP_Flow 19-234] Refreshing IP repositories
INFO: [IP_Flow 19-1704] No user IP repositories specified
INFO: [IP_Flow 19-2313] Loaded Vivado IP repository 'C:/Xilinx/Vivado/2019.2/data/ip'.
INFO: [IP_Flow 19-234] Refreshing IP repositories
INFO: [IP_Flow 19-1700] Loaded user IP repository 'c:/Users/catar/Desktop/git/md5-hardware/ip_repo/MD5HF_1.0'.
INFO: [IP_Flow 19-1700] Loaded user IP repository 'c:/Users/catar/Desktop/git/md5-hardware/ip_repo/Md5HashFunction_1.0'.
INFO: [IP_Flow 19-795] Syncing license key meta-data
ipx::edit_ip_in_project: Time (s): cpu = 00:00:07 ; elapsed = 00:00:05 . Memory (MB): peak = 1775.207 ; gain = 0.000
update_compile_order -fileset sources_1
close_project
WARNING: [IP_Flow 19-474] Invalid Parameter 'Component_Name'
exit
INFO: [Common 17-206] Exiting Vivado at Sat Jul 11 20:45:24 2020...
