#-----------------------------------------------------------
# Vivado v2019.2 (64-bit)
# SW Build 2708876 on Wed Nov  6 21:40:23 MST 2019
# IP Build 2700528 on Thu Nov  7 00:09:20 MST 2019
# Start of session at: Mon Jul  6 22:57:19 2020
# Process ID: 18736
# Current directory: C:/Users/catar/Desktop/git/md5-hardware/Md5Demo
# Command line: vivado.exe -gui_launcher_event rodinguilauncherevent18436 C:\Users\catar\Desktop\git\md5-hardware\Md5Demo\Md5Demo.xpr
# Log file: C:/Users/catar/Desktop/git/md5-hardware/Md5Demo/vivado.log
# Journal file: C:/Users/catar/Desktop/git/md5-hardware/Md5Demo\vivado.jou
#-----------------------------------------------------------
start_gui
open_project C:/Users/catar/Desktop/git/md5-hardware/Md5Demo/Md5Demo.xpr
Scanning sources...
Finished scanning sources
WARNING: [filemgmt 56-3] IP Repository Path: Could not find the directory 'C:/Users/catar/Desktop/git/vivado-xilinx-tutorials/timer-soft-hard/project/part1/ip_repo'.
INFO: [IP_Flow 19-234] Refreshing IP repositories
INFO: [IP_Flow 19-1700] Loaded user IP repository 'c:/Users/catar/Desktop/git/md5-hardware/ip_repo/MD5HF_1.0'.
INFO: [IP_Flow 19-1700] Loaded user IP repository 'c:/Users/catar/Desktop/git/md5-hardware/ip_repo/Md5HashFunction_1.0'.
WARNING: [IP_Flow 19-2248] Failed to load user IP repository 'c:/Users/catar/Desktop/git/vivado-xilinx-tutorials/timer-soft-hard/project/part1/ip_repo'; Can't find the specified path.
If this directory should no longer be in your list of user repositories, go to the IP Settings dialog and remove it.
INFO: [IP_Flow 19-1700] Loaded user IP repository 'c:/Users/catar/Desktop/git/vivado-xilinx-tutorials/axi-stream/ip_repo/ReverseEndianessCop_1.0'.
INFO: [IP_Flow 19-2313] Loaded Vivado IP repository 'C:/Xilinx/Vivado/2019.2/data/ip'.
open_project: Time (s): cpu = 00:00:16 ; elapsed = 00:00:10 . Memory (MB): peak = 788.434 ; gain = 186.992
update_compile_order -fileset sources_1
open_bd_design {C:/Users/catar/Desktop/git/md5-hardware/Md5Demo/Md5Demo.srcs/sources_1/bd/mb_design/mb_design.bd}
Adding component instance block -- xilinx.com:ip:axi_interconnect:2.1 - microblaze_0_axi_periph
Adding component instance block -- xilinx.com:ip:axi_crossbar:2.1 - xbar
Adding component instance block -- xilinx.com:ip:axi_intc:4.1 - microblaze_0_axi_intc
Adding component instance block -- xilinx.com:ip:xlconcat:2.1 - microblaze_0_xlconcat
Adding component instance block -- xilinx.com:ip:mdm:3.2 - mdm_1
Adding component instance block -- xilinx.com:ip:clk_wiz:6.0 - clk_wiz_1
Adding component instance block -- xilinx.com:ip:proc_sys_reset:5.0 - rst_clk_wiz_1_100M
Adding component instance block -- xilinx.com:ip:axi_gpio:2.0 - axi_gpio_buttons
Adding component instance block -- xilinx.com:ip:axi_gpio:2.0 - axi_gpio_switches
Adding component instance block -- xilinx.com:ip:axi_gpio:2.0 - axi_gpio_leds
Adding component instance block -- xilinx.com:ip:axi_gpio:2.0 - axi_gpio_display
Adding component instance block -- xilinx.com:ip:axi_uartlite:2.0 - axi_uartlite_0
Adding component instance block -- xilinx.com:ip:axi_timer:2.0 - axi_timer_0
Adding component instance block -- xilinx.com:ip:fit_timer:2.0 - fit_timer_0
Adding component instance block -- xilinx.com:ip:axi_emc:3.0 - axi_emc_0
Adding component instance block -- xilinx.com:ip:microblaze:11.0 - microblaze_0
Adding component instance block -- xilinx.com:ip:lmb_v10:3.0 - dlmb_v10
Adding component instance block -- xilinx.com:ip:lmb_v10:3.0 - ilmb_v10
Adding component instance block -- xilinx.com:ip:lmb_bram_if_cntlr:4.0 - dlmb_bram_if_cntlr
Adding component instance block -- xilinx.com:ip:lmb_bram_if_cntlr:4.0 - ilmb_bram_if_cntlr
Adding component instance block -- xilinx.com:ip:blk_mem_gen:8.4 - lmb_bram
Adding component instance block -- xilinx.com:ip:axi_dma:7.1 - axi_dma_0
WARNING: [BD 41-1282] Ignoring parameter HAS_BURST
WARNING: [BD 41-1281] Parameter HAS_BURST is not defined on /axi_dma_0/M_AXIS_MM2S. Setting parameter on /axi_dma_0/M_AXIS_MM2S failed
Adding component instance block -- xilinx.com:ip:axis_data_fifo:2.0 - axis_data_fifo_0
Adding component instance block -- xilinx.com:user:MD5HF:1.0 - MD5HF_0
Excluding slave segment /MD5HF_0/S00_AXI/S00_AXI_reg from address space /axi_dma_0/Data_MM2S.
Excluding slave segment /axi_dma_0/S_AXI_LITE/Reg from address space /axi_dma_0/Data_MM2S.
Excluding slave segment /axi_gpio_buttons/S_AXI/Reg from address space /axi_dma_0/Data_MM2S.
Excluding slave segment /axi_gpio_display/S_AXI/Reg from address space /axi_dma_0/Data_MM2S.
Excluding slave segment /axi_gpio_leds/S_AXI/Reg from address space /axi_dma_0/Data_MM2S.
Excluding slave segment /axi_gpio_switches/S_AXI/Reg from address space /axi_dma_0/Data_MM2S.
Excluding slave segment /axi_timer_0/S_AXI/Reg from address space /axi_dma_0/Data_MM2S.
Excluding slave segment /axi_uartlite_0/S_AXI/Reg from address space /axi_dma_0/Data_MM2S.
Excluding slave segment /microblaze_0_axi_intc/S_AXI/Reg from address space /axi_dma_0/Data_MM2S.
Successfully read diagram <mb_design> from BD file <C:/Users/catar/Desktop/git/md5-hardware/Md5Demo/Md5Demo.srcs/sources_1/bd/mb_design/mb_design.bd>
open_bd_design: Time (s): cpu = 00:00:16 ; elapsed = 00:00:13 . Memory (MB): peak = 1387.199 ; gain = 0.000
ipx::edit_ip_in_project -upgrade true -name MD5HF_v1_0_project -directory C:/Users/catar/Desktop/git/md5-hardware/Md5Demo/Md5Demo.tmp/MD5HF_v1_0_project c:/Users/catar/Desktop/git/md5-hardware/ip_repo/MD5HF_1.0/component.xml
INFO: [IP_Flow 19-234] Refreshing IP repositories
INFO: [IP_Flow 19-1704] No user IP repositories specified
INFO: [IP_Flow 19-2313] Loaded Vivado IP repository 'C:/Xilinx/Vivado/2019.2/data/ip'.
INFO: [IP_Flow 19-234] Refreshing IP repositories
INFO: [IP_Flow 19-1700] Loaded user IP repository 'c:/Users/catar/Desktop/git/md5-hardware/ip_repo/MD5HF_1.0'.
INFO: [IP_Flow 19-1700] Loaded user IP repository 'c:/Users/catar/Desktop/git/md5-hardware/ip_repo/Md5HashFunction_1.0'.
WARNING: [IP_Flow 19-2248] Failed to load user IP repository 'c:/Users/catar/Desktop/git/vivado-xilinx-tutorials/timer-soft-hard/project/part1/ip_repo'; Can't find the specified path.
If this directory should no longer be in your list of user repositories, go to the IP Settings dialog and remove it.
INFO: [IP_Flow 19-1700] Loaded user IP repository 'c:/Users/catar/Desktop/git/vivado-xilinx-tutorials/axi-stream/ip_repo/ReverseEndianessCop_1.0'.
INFO: [IP_Flow 19-795] Syncing license key meta-data
ipx::edit_ip_in_project: Time (s): cpu = 00:00:11 ; elapsed = 00:00:06 . Memory (MB): peak = 1387.199 ; gain = 0.000
update_compile_order -fileset sources_1
add_files -norecurse -copy_to c:/Users/catar/Desktop/git/md5-hardware/ip_repo/MD5HF_1.0/src {C:/Users/catar/Desktop/git/md5-hardware/auxiliarFiles/md5.vhd C:/Users/catar/Desktop/git/md5-hardware/auxiliarFiles/register.vhd}
ERROR: [Vivado 12-3630] The destination file 'c:/Users/catar/Desktop/git/md5-hardware/ip_repo/MD5HF_1.0/src/md5.vhd' already exists, please use -force if you want to overwrite!
ipx::merge_project_changes files [ipx::current_core]
WARNING: [IP_Flow 19-5226] Project source file 'c:/Users/catar/Desktop/git/md5-hardware/ip_repo/MD5HF_1.0/component.xml' ignored by IP packager.
ipx::merge_project_changes hdl_parameters [ipx::current_core]
WARNING: [IP_Flow 19-5226] Project source file 'c:/Users/catar/Desktop/git/md5-hardware/ip_repo/MD5HF_1.0/component.xml' ignored by IP packager.
WARNING: [IP_Flow 19-4300] HDL parameter 'C_S00_AXI_ADDR_WIDTH' has its value changed from '5' to '4'.
INFO: [IP_Flow 19-3166] Bus Interface 'S00_AXI': References existing memory map 'S00_AXI'.
launch_runs synth_1 -jobs 4
[Mon Jul  6 23:00:08 2020] Launched synth_1...
Run output will be captured here: c:/users/catar/desktop/git/md5-hardware/md5demo/md5demo.tmp/md5hf_v1_0_project/MD5HF_v1_0_project.runs/synth_1/runme.log
update_ip_catalog -rebuild
INFO: [IP_Flow 19-234] Refreshing IP repositories
INFO: [IP_Flow 19-1700] Loaded user IP repository 'c:/Users/catar/Desktop/git/md5-hardware/ip_repo/MD5HF_1.0'.
INFO: [IP_Flow 19-1700] Loaded user IP repository 'c:/Users/catar/Desktop/git/md5-hardware/ip_repo/Md5HashFunction_1.0'.
WARNING: [IP_Flow 19-2248] Failed to load user IP repository 'c:/Users/catar/Desktop/git/vivado-xilinx-tutorials/timer-soft-hard/project/part1/ip_repo'; Can't find the specified path.
If this directory should no longer be in your list of user repositories, go to the IP Settings dialog and remove it.
INFO: [IP_Flow 19-1700] Loaded user IP repository 'c:/Users/catar/Desktop/git/vivado-xilinx-tutorials/axi-stream/ip_repo/ReverseEndianessCop_1.0'.
reset_run synth_1
launch_runs synth_1 -jobs 4
[Mon Jul  6 23:00:34 2020] Launched synth_1...
Run output will be captured here: c:/users/catar/desktop/git/md5-hardware/md5demo/md5demo.tmp/md5hf_v1_0_project/MD5HF_v1_0_project.runs/synth_1/runme.log
ipx::merge_project_changes files [ipx::current_core]
WARNING: [IP_Flow 19-5226] Project source file 'c:/Users/catar/Desktop/git/md5-hardware/ip_repo/MD5HF_1.0/component.xml' ignored by IP packager.
ipx::merge_project_changes hdl_parameters [ipx::current_core]
WARNING: [IP_Flow 19-5226] Project source file 'c:/Users/catar/Desktop/git/md5-hardware/ip_repo/MD5HF_1.0/component.xml' ignored by IP packager.
INFO: [IP_Flow 19-3166] Bus Interface 'S00_AXI': References existing memory map 'S00_AXI'.
reset_run synth_1
launch_runs synth_1 -jobs 4
[Mon Jul  6 23:04:53 2020] Launched synth_1...
Run output will be captured here: c:/users/catar/desktop/git/md5-hardware/md5demo/md5demo.tmp/md5hf_v1_0_project/MD5HF_v1_0_project.runs/synth_1/runme.log
close_project
ipx::edit_ip_in_project -upgrade true -name MD5HF_v1_0_project -directory C:/Users/catar/Desktop/git/md5-hardware/Md5Demo/Md5Demo.tmp/MD5HF_v1_0_project c:/Users/catar/Desktop/git/md5-hardware/ip_repo/MD5HF_1.0/component.xml
INFO: [IP_Flow 19-234] Refreshing IP repositories
INFO: [IP_Flow 19-1704] No user IP repositories specified
INFO: [IP_Flow 19-2313] Loaded Vivado IP repository 'C:/Xilinx/Vivado/2019.2/data/ip'.
INFO: [IP_Flow 19-234] Refreshing IP repositories
INFO: [IP_Flow 19-1700] Loaded user IP repository 'c:/Users/catar/Desktop/git/md5-hardware/ip_repo/MD5HF_1.0'.
INFO: [IP_Flow 19-1700] Loaded user IP repository 'c:/Users/catar/Desktop/git/md5-hardware/ip_repo/Md5HashFunction_1.0'.
WARNING: [IP_Flow 19-2248] Failed to load user IP repository 'c:/Users/catar/Desktop/git/vivado-xilinx-tutorials/timer-soft-hard/project/part1/ip_repo'; Can't find the specified path.
If this directory should no longer be in your list of user repositories, go to the IP Settings dialog and remove it.
INFO: [IP_Flow 19-1700] Loaded user IP repository 'c:/Users/catar/Desktop/git/vivado-xilinx-tutorials/axi-stream/ip_repo/ReverseEndianessCop_1.0'.
INFO: [IP_Flow 19-795] Syncing license key meta-data
ipx::edit_ip_in_project: Time (s): cpu = 00:00:06 ; elapsed = 00:00:05 . Memory (MB): peak = 1528.957 ; gain = 0.000
update_compile_order -fileset sources_1
set_property  ip_repo_paths  {c:/Users/catar/Desktop/git/md5-hardware/ip_repo/MD5HF_1.0 c:/Users/catar/Desktop/git/md5-hardware/ip_repo/Md5HashFunction_1.0 c:/Users/catar/Desktop/git/vivado-xilinx-tutorials/axi-stream/ip_repo/ReverseEndianessCop_1.0} [current_project]
current_project Md5Demo
current_project MD5HF_v1_0_project
update_ip_catalog
INFO: [IP_Flow 19-234] Refreshing IP repositories
INFO: [IP_Flow 19-1700] Loaded user IP repository 'c:/Users/catar/Desktop/git/md5-hardware/ip_repo/MD5HF_1.0'.
INFO: [IP_Flow 19-1700] Loaded user IP repository 'c:/Users/catar/Desktop/git/md5-hardware/ip_repo/Md5HashFunction_1.0'.
INFO: [IP_Flow 19-1700] Loaded user IP repository 'c:/Users/catar/Desktop/git/vivado-xilinx-tutorials/axi-stream/ip_repo/ReverseEndianessCop_1.0'.
update_ip_catalog -rebuild
INFO: [IP_Flow 19-234] Refreshing IP repositories
INFO: [IP_Flow 19-1700] Loaded user IP repository 'c:/Users/catar/Desktop/git/md5-hardware/ip_repo/MD5HF_1.0'.
INFO: [IP_Flow 19-1700] Loaded user IP repository 'c:/Users/catar/Desktop/git/md5-hardware/ip_repo/Md5HashFunction_1.0'.
INFO: [IP_Flow 19-1700] Loaded user IP repository 'c:/Users/catar/Desktop/git/vivado-xilinx-tutorials/axi-stream/ip_repo/ReverseEndianessCop_1.0'.
set_property  ip_repo_paths  {c:/Users/catar/Desktop/git/md5-hardware/ip_repo/Md5HashFunction_1.0 c:/Users/catar/Desktop/git/vivado-xilinx-tutorials/axi-stream/ip_repo/ReverseEndianessCop_1.0} [current_project]
current_project Md5Demo
current_project MD5HF_v1_0_project
update_ip_catalog
INFO: [IP_Flow 19-234] Refreshing IP repositories
INFO: [IP_Flow 19-1700] Loaded user IP repository 'c:/Users/catar/Desktop/git/md5-hardware/ip_repo/Md5HashFunction_1.0'.
INFO: [IP_Flow 19-1700] Loaded user IP repository 'c:/Users/catar/Desktop/git/vivado-xilinx-tutorials/axi-stream/ip_repo/ReverseEndianessCop_1.0'.
set_property  ip_repo_paths  {c:/Users/catar/Desktop/git/md5-hardware/ip_repo/MD5HF_1.0 c:/Users/catar/Desktop/git/md5-hardware/ip_repo/Md5HashFunction_1.0 c:/Users/catar/Desktop/git/vivado-xilinx-tutorials/axi-stream/ip_repo/ReverseEndianessCop_1.0} [current_project]
current_project Md5Demo
current_project MD5HF_v1_0_project
update_ip_catalog
INFO: [IP_Flow 19-234] Refreshing IP repositories
INFO: [IP_Flow 19-1700] Loaded user IP repository 'c:/Users/catar/Desktop/git/md5-hardware/ip_repo/MD5HF_1.0'.
INFO: [IP_Flow 19-1700] Loaded user IP repository 'c:/Users/catar/Desktop/git/md5-hardware/ip_repo/Md5HashFunction_1.0'.
INFO: [IP_Flow 19-1700] Loaded user IP repository 'c:/Users/catar/Desktop/git/vivado-xilinx-tutorials/axi-stream/ip_repo/ReverseEndianessCop_1.0'.
set_property  ip_repo_paths  {c:/Users/catar/Desktop/git/md5-hardware/ip_repo/Md5HashFunction_1.0 c:/Users/catar/Desktop/git/vivado-xilinx-tutorials/axi-stream/ip_repo/ReverseEndianessCop_1.0} [current_project]
current_project Md5Demo
current_project MD5HF_v1_0_project
update_ip_catalog
INFO: [IP_Flow 19-234] Refreshing IP repositories
INFO: [IP_Flow 19-1700] Loaded user IP repository 'c:/Users/catar/Desktop/git/md5-hardware/ip_repo/Md5HashFunction_1.0'.
INFO: [IP_Flow 19-1700] Loaded user IP repository 'c:/Users/catar/Desktop/git/vivado-xilinx-tutorials/axi-stream/ip_repo/ReverseEndianessCop_1.0'.
set_property  ip_repo_paths  c:/Users/catar/Desktop/git/md5-hardware/ip_repo/Md5HashFunction_1.0 [current_project]
current_project Md5Demo
current_project MD5HF_v1_0_project
update_ip_catalog
INFO: [IP_Flow 19-234] Refreshing IP repositories
INFO: [IP_Flow 19-1700] Loaded user IP repository 'c:/Users/catar/Desktop/git/md5-hardware/ip_repo/Md5HashFunction_1.0'.
set_property  ip_repo_paths  {c:/Users/catar/Desktop/git/md5-hardware/ip_repo/Md5HashFunction_1.0 C:/Users/catar/Desktop/git/md5-hardware/ip_repo/MD5HF_1.0} [current_project]
current_project Md5Demo
current_project MD5HF_v1_0_project
update_ip_catalog
INFO: [IP_Flow 19-234] Refreshing IP repositories
INFO: [IP_Flow 19-1700] Loaded user IP repository 'c:/Users/catar/Desktop/git/md5-hardware/ip_repo/Md5HashFunction_1.0'.
INFO: [IP_Flow 19-1700] Loaded user IP repository 'c:/Users/catar/Desktop/git/md5-hardware/ip_repo/MD5HF_1.0'.
update_ip_catalog -rebuild
INFO: [IP_Flow 19-234] Refreshing IP repositories
INFO: [IP_Flow 19-1700] Loaded user IP repository 'c:/Users/catar/Desktop/git/md5-hardware/ip_repo/Md5HashFunction_1.0'.
INFO: [IP_Flow 19-1700] Loaded user IP repository 'c:/Users/catar/Desktop/git/md5-hardware/ip_repo/MD5HF_1.0'.
add_files -norecurse -copy_to c:/Users/catar/Desktop/git/md5-hardware/ip_repo/MD5HF_1.0/src C:/Users/catar/Desktop/git/md5-hardware/auxiliarFiles/register.vhd
ERROR: [Vivado 12-3630] The destination file 'c:/Users/catar/Desktop/git/md5-hardware/ip_repo/MD5HF_1.0/src/register.vhd' already exists, please use -force if you want to overwrite!
close_project
set_property  ip_repo_paths  {c:/Users/catar/Desktop/git/md5-hardware/ip_repo/MD5HF_1.0 c:/Users/catar/Desktop/git/md5-hardware/ip_repo/Md5HashFunction_1.0 c:/Users/catar/Desktop/git/vivado-xilinx-tutorials/axi-stream/ip_repo/ReverseEndianessCop_1.0} [current_project]
update_ip_catalog
INFO: [IP_Flow 19-234] Refreshing IP repositories
INFO: [IP_Flow 19-1700] Loaded user IP repository 'c:/Users/catar/Desktop/git/md5-hardware/ip_repo/MD5HF_1.0'.
INFO: [IP_Flow 19-1700] Loaded user IP repository 'c:/Users/catar/Desktop/git/md5-hardware/ip_repo/Md5HashFunction_1.0'.
INFO: [IP_Flow 19-1700] Loaded user IP repository 'c:/Users/catar/Desktop/git/vivado-xilinx-tutorials/axi-stream/ip_repo/ReverseEndianessCop_1.0'.
delete_bd_objs [get_bd_intf_nets microblaze_0_axi_periph_M09_AXI] [get_bd_intf_nets axis_data_fifo_0_M_AXIS] [get_bd_cells MD5HF_0]
set_property  ip_repo_paths  {c:/Users/catar/Desktop/git/md5-hardware/ip_repo/MD5HF_1.0 c:/Users/catar/Desktop/git/md5-hardware/ip_repo/Md5HashFunction_1.0} [current_project]
update_ip_catalog
INFO: [IP_Flow 19-234] Refreshing IP repositories
INFO: [IP_Flow 19-1700] Loaded user IP repository 'c:/Users/catar/Desktop/git/md5-hardware/ip_repo/MD5HF_1.0'.
INFO: [IP_Flow 19-1700] Loaded user IP repository 'c:/Users/catar/Desktop/git/md5-hardware/ip_repo/Md5HashFunction_1.0'.
