#-----------------------------------------------------------
# Vivado v2019.2 (64-bit)
# SW Build 2708876 on Wed Nov  6 21:40:23 MST 2019
# IP Build 2700528 on Thu Nov  7 00:09:20 MST 2019
# Start of session at: Thu Jun 11 12:22:11 2020
# Process ID: 8364
# Current directory: C:/Users/Duarte Dias/Desktop/MD5_software
# Command line: vivado.exe -gui_launcher_event rodinguilauncherevent7384 C:\Users\Duarte Dias\Desktop\MD5_software\MD5_software.xpr
# Log file: C:/Users/Duarte Dias/Desktop/MD5_software/vivado.log
# Journal file: C:/Users/Duarte Dias/Desktop/MD5_software\vivado.jou
#-----------------------------------------------------------
start_gui
open_project {C:/Users/Duarte Dias/Desktop/MD5_software/MD5_software.xpr}
Scanning sources...
Finished scanning sources
INFO: [IP_Flow 19-234] Refreshing IP repositories
INFO: [IP_Flow 19-1704] No user IP repositories specified
INFO: [IP_Flow 19-2313] Loaded Vivado IP repository 'C:/Xilinx/Vivado/2019.2/data/ip'.
open_project: Time (s): cpu = 00:00:23 ; elapsed = 00:00:28 . Memory (MB): peak = 744.320 ; gain = 134.758
update_compile_order -fileset sources_1
write_hw_platform -fixed -force  -include_bit -file C:/Xilinx/Projects/MD5/mb_design_wrapper.xsa
INFO: [Vivado 12-4895] Creating Hardware Platform: C:/Xilinx/Projects/MD5/mb_design_wrapper.xsa ...
INFO: [Hsi 55-2053] elapsed time for repository (C:/Xilinx/Vivado/2019.2/data\embeddedsw) loading 1 seconds
WARNING: [Project 1-645] Board images not set in Hardware Platform.
INFO: [Vivado 12-4896] Successfully created Hardware Platform: C:/Xilinx/Projects/MD5/mb_design_wrapper.xsa
exit
INFO: [Common 17-206] Exiting Vivado at Thu Jun 11 14:42:45 2020...
