#-----------------------------------------------------------
# Vivado v2019.2 (64-bit)
# SW Build 2708876 on Wed Nov  6 21:40:23 MST 2019
# IP Build 2700528 on Thu Nov  7 00:09:20 MST 2019
# Start of session at: Sat Jun 20 23:16:42 2020
# Process ID: 8532
# Current directory: C:/Users/Duarte Dias/Desktop/MD5_software
# Command line: vivado.exe -gui_launcher_event rodinguilauncherevent4832 C:\Users\Duarte Dias\Desktop\MD5_software\MD5_software.xpr
# Log file: C:/Users/Duarte Dias/Desktop/MD5_software/vivado.log
# Journal file: C:/Users/Duarte Dias/Desktop/MD5_software\vivado.jou
#-----------------------------------------------------------
start_gui
open_project {C:/Users/Duarte Dias/Desktop/MD5_software/MD5_software.xpr}
Scanning sources...
Finished scanning sources
INFO: [IP_Flow 19-234] Refreshing IP repositories
INFO: [IP_Flow 19-1704] No user IP repositories specified
INFO: [IP_Flow 19-2313] Loaded Vivado IP repository 'C:/Xilinx/Vivado/2019.2/data/ip'.
open_project: Time (s): cpu = 00:00:21 ; elapsed = 00:00:24 . Memory (MB): peak = 765.527 ; gain = 148.512
update_compile_order -fileset sources_1
open_bd_design {C:/Users/Duarte Dias/Desktop/Trab5/Vivado/CountDownTimerProj5_p4/CountDownTimerProj5_p4.srcs/sources_1/bd/mb_design/mb_design.bd}
Adding component instance block -- xilinx.com:ip:microblaze:11.0 - microblaze_0
Adding component instance block -- xilinx.com:ip:lmb_v10:3.0 - dlmb_v10
Adding component instance block -- xilinx.com:ip:lmb_v10:3.0 - ilmb_v10
Adding component instance block -- xilinx.com:ip:lmb_bram_if_cntlr:4.0 - dlmb_bram_if_cntlr
Adding component instance block -- xilinx.com:ip:lmb_bram_if_cntlr:4.0 - ilmb_bram_if_cntlr
Adding component instance block -- xilinx.com:ip:blk_mem_gen:8.4 - lmb_bram
Adding component instance block -- xilinx.com:ip:axi_interconnect:2.1 - microblaze_0_axi_periph
Adding component instance block -- xilinx.com:ip:axi_crossbar:2.1 - xbar
Adding component instance block -- xilinx.com:ip:axi_intc:4.1 - microblaze_0_axi_intc
Adding component instance block -- xilinx.com:ip:xlconcat:2.1 - microblaze_0_xlconcat
Adding component instance block -- xilinx.com:ip:mdm:3.2 - mdm_1
Adding component instance block -- xilinx.com:ip:clk_wiz:6.0 - clk_wiz_1
Adding component instance block -- xilinx.com:ip:proc_sys_reset:5.0 - rst_clk_wiz_1_100M
Adding component instance block -- xilinx.com:ip:axi_gpio:2.0 - axi_gpio_buttons
Adding component instance block -- xilinx.com:ip:axi_gpio:2.0 - axi_gpio_switches
Adding component instance block -- xilinx.com:ip:axi_gpio:2.0 - axi_gpio_leds
Adding component instance block -- xilinx.com:ip:axi_uartlite:2.0 - axi_uartlite_0
Adding component instance block -- xilinx.com:ip:axi_timer:2.0 - axi_timer_0
Adding component instance block -- xilinx.com:ip:fit_timer:2.0 - fit_timer_0
Successfully read diagram <mb_design> from BD file <C:/Users/Duarte Dias/Desktop/Trab5/Vivado/CountDownTimerProj5_p4/CountDownTimerProj5_p4.srcs/sources_1/bd/mb_design/mb_design.bd>
open_bd_design: Time (s): cpu = 00:00:20 ; elapsed = 00:00:27 . Memory (MB): peak = 913.238 ; gain = 47.848
startgroup
set_property -dict [list CONFIG.C_BAUDRATE {9600}] [get_bd_cells axi_uartlite_0]
endgroup
save_bd_design
Wrote  : <C:\Users\Duarte Dias\Desktop\Trab5\Vivado\CountDownTimerProj5_p4\CountDownTimerProj5_p4.srcs\sources_1\bd\mb_design\mb_design.bd> 
Wrote  : <C:/Users/Duarte Dias/Desktop/Trab5/Vivado/CountDownTimerProj5_p4/CountDownTimerProj5_p4.srcs/sources_1/bd/mb_design/ui/bd_db273ea8.ui> 
reset_run synth_1
launch_runs impl_1 -to_step write_bitstream -jobs 2
INFO: [xilinx.com:ip:axi_intc:4.1-1] /microblaze_0_axi_intc: The AXI INTC core has been configured to operate with synchronous clocks.
Wrote  : <C:\Users\Duarte Dias\Desktop\Trab5\Vivado\CountDownTimerProj5_p4\CountDownTimerProj5_p4.srcs\sources_1\bd\mb_design\mb_design.bd> 
VHDL Output written to : C:/Users/Duarte Dias/Desktop/Trab5/Vivado/CountDownTimerProj5_p4/CountDownTimerProj5_p4.srcs/sources_1/bd/mb_design/synth/mb_design.vhd
VHDL Output written to : C:/Users/Duarte Dias/Desktop/Trab5/Vivado/CountDownTimerProj5_p4/CountDownTimerProj5_p4.srcs/sources_1/bd/mb_design/sim/mb_design.vhd
VHDL Output written to : C:/Users/Duarte Dias/Desktop/Trab5/Vivado/CountDownTimerProj5_p4/CountDownTimerProj5_p4.srcs/sources_1/bd/mb_design/hdl/mb_design_wrapper.vhd
INFO: [BD 41-1029] Generation completed for the IP Integrator block microblaze_0 .
INFO: [BD 41-1029] Generation completed for the IP Integrator block microblaze_0_local_memory/dlmb_v10 .
INFO: [BD 41-1029] Generation completed for the IP Integrator block microblaze_0_local_memory/ilmb_v10 .
INFO: [BD 41-1029] Generation completed for the IP Integrator block microblaze_0_local_memory/dlmb_bram_if_cntlr .
INFO: [BD 41-1029] Generation completed for the IP Integrator block microblaze_0_local_memory/ilmb_bram_if_cntlr .
INFO: [BD 41-1029] Generation completed for the IP Integrator block microblaze_0_local_memory/lmb_bram .
INFO: [BD 41-1029] Generation completed for the IP Integrator block microblaze_0_axi_periph/xbar .
INFO: [BD 41-1029] Generation completed for the IP Integrator block microblaze_0_axi_intc .
INFO: [BD 41-1029] Generation completed for the IP Integrator block microblaze_0_xlconcat .
INFO: [BD 41-1029] Generation completed for the IP Integrator block mdm_1 .
INFO: [BD 41-1029] Generation completed for the IP Integrator block clk_wiz_1 .
INFO: [BD 41-1029] Generation completed for the IP Integrator block rst_clk_wiz_1_100M .
INFO: [BD 41-1029] Generation completed for the IP Integrator block axi_gpio_buttons .
INFO: [BD 41-1029] Generation completed for the IP Integrator block axi_gpio_switches .
INFO: [BD 41-1029] Generation completed for the IP Integrator block axi_gpio_leds .
WARNING: [IP_Flow 19-4994] Overwriting existing constraint file 'c:/Users/Duarte Dias/Desktop/Trab5/Vivado/CountDownTimerProj5_p4/CountDownTimerProj5_p4.srcs/sources_1/bd/mb_design/ip/mb_design_axi_uartlite_0_0/mb_design_axi_uartlite_0_0_ooc.xdc'
WARNING: [Board 49-26] cannot add Board Part digilentinc.com:arty-z7-10:part0:1.0 available at C:/Xilinx/Vivado/2019.2/data/boards/board_files/arty-z7-10/A.0/board.xml as part xc7z010clg400-1 specified in board_part file is either invalid or not available
WARNING: [Board 49-26] cannot add Board Part digilentinc.com:arty-z7-20:part0:1.0 available at C:/Xilinx/Vivado/2019.2/data/boards/board_files/arty-z7-20/A.0/board.xml as part xc7z020clg400-1 specified in board_part file is either invalid or not available
WARNING: [Board 49-26] cannot add Board Part digilentinc.com:zedboard:part0:1.0 available at C:/Xilinx/Vivado/2019.2/data/boards/board_files/zedboard/1.3/board.xml as part xc7z020clg484-1 specified in board_part file is either invalid or not available
WARNING: [Board 49-26] cannot add Board Part digilentinc.com:zybo-z7-10:part0:1.0 available at C:/Xilinx/Vivado/2019.2/data/boards/board_files/zybo-z7-10/A.0/board.xml as part xc7z010clg400-1 specified in board_part file is either invalid or not available
WARNING: [Board 49-26] cannot add Board Part digilentinc.com:zybo-z7-20:part0:1.0 available at C:/Xilinx/Vivado/2019.2/data/boards/board_files/zybo-z7-20/A.0/board.xml as part xc7z020clg400-1 specified in board_part file is either invalid or not available
WARNING: [Board 49-26] cannot add Board Part digilentinc.com:zybo:part0:1.0 available at C:/Xilinx/Vivado/2019.2/data/boards/board_files/zybo/B.3/board.xml as part xc7z010clg400-1 specified in board_part file is either invalid or not available
WARNING: [Board 49-26] cannot add Board Part digilentinc.com:arty-z7-10:part0:1.0 available at C:/Xilinx/Vivado/2019.2/data/boards/board_files/arty-z7-10/A.0/board.xml as part xc7z010clg400-1 specified in board_part file is either invalid or not available
WARNING: [Board 49-26] cannot add Board Part digilentinc.com:arty-z7-20:part0:1.0 available at C:/Xilinx/Vivado/2019.2/data/boards/board_files/arty-z7-20/A.0/board.xml as part xc7z020clg400-1 specified in board_part file is either invalid or not available
WARNING: [Board 49-26] cannot add Board Part digilentinc.com:zedboard:part0:1.0 available at C:/Xilinx/Vivado/2019.2/data/boards/board_files/zedboard/1.3/board.xml as part xc7z020clg484-1 specified in board_part file is either invalid or not available
WARNING: [Board 49-26] cannot add Board Part digilentinc.com:zybo-z7-10:part0:1.0 available at C:/Xilinx/Vivado/2019.2/data/boards/board_files/zybo-z7-10/A.0/board.xml as part xc7z010clg400-1 specified in board_part file is either invalid or not available
WARNING: [Board 49-26] cannot add Board Part digilentinc.com:zybo-z7-20:part0:1.0 available at C:/Xilinx/Vivado/2019.2/data/boards/board_files/zybo-z7-20/A.0/board.xml as part xc7z020clg400-1 specified in board_part file is either invalid or not available
WARNING: [Board 49-26] cannot add Board Part digilentinc.com:zybo:part0:1.0 available at C:/Xilinx/Vivado/2019.2/data/boards/board_files/zybo/B.3/board.xml as part xc7z010clg400-1 specified in board_part file is either invalid or not available
WARNING: [Board 49-26] cannot add Board Part digilentinc.com:arty-z7-10:part0:1.0 available at C:/Xilinx/Vivado/2019.2/data/boards/board_files/arty-z7-10/A.0/board.xml as part xc7z010clg400-1 specified in board_part file is either invalid or not available
WARNING: [Board 49-26] cannot add Board Part digilentinc.com:arty-z7-20:part0:1.0 available at C:/Xilinx/Vivado/2019.2/data/boards/board_files/arty-z7-20/A.0/board.xml as part xc7z020clg400-1 specified in board_part file is either invalid or not available
WARNING: [Board 49-26] cannot add Board Part digilentinc.com:zedboard:part0:1.0 available at C:/Xilinx/Vivado/2019.2/data/boards/board_files/zedboard/1.3/board.xml as part xc7z020clg484-1 specified in board_part file is either invalid or not available
WARNING: [Board 49-26] cannot add Board Part digilentinc.com:zybo-z7-10:part0:1.0 available at C:/Xilinx/Vivado/2019.2/data/boards/board_files/zybo-z7-10/A.0/board.xml as part xc7z010clg400-1 specified in board_part file is either invalid or not available
WARNING: [Board 49-26] cannot add Board Part digilentinc.com:zybo-z7-20:part0:1.0 available at C:/Xilinx/Vivado/2019.2/data/boards/board_files/zybo-z7-20/A.0/board.xml as part xc7z020clg400-1 specified in board_part file is either invalid or not available
WARNING: [Board 49-26] cannot add Board Part digilentinc.com:zybo:part0:1.0 available at C:/Xilinx/Vivado/2019.2/data/boards/board_files/zybo/B.3/board.xml as part xc7z010clg400-1 specified in board_part file is either invalid or not available
WARNING: [Board 49-26] cannot add Board Part digilentinc.com:arty-z7-10:part0:1.0 available at C:/Xilinx/Vivado/2019.2/data/boards/board_files/arty-z7-10/A.0/board.xml as part xc7z010clg400-1 specified in board_part file is either invalid or not available
WARNING: [Board 49-26] cannot add Board Part digilentinc.com:arty-z7-20:part0:1.0 available at C:/Xilinx/Vivado/2019.2/data/boards/board_files/arty-z7-20/A.0/board.xml as part xc7z020clg400-1 specified in board_part file is either invalid or not available
WARNING: [Board 49-26] cannot add Board Part digilentinc.com:zedboard:part0:1.0 available at C:/Xilinx/Vivado/2019.2/data/boards/board_files/zedboard/1.3/board.xml as part xc7z020clg484-1 specified in board_part file is either invalid or not available
WARNING: [Board 49-26] cannot add Board Part digilentinc.com:zybo-z7-10:part0:1.0 available at C:/Xilinx/Vivado/2019.2/data/boards/board_files/zybo-z7-10/A.0/board.xml as part xc7z010clg400-1 specified in board_part file is either invalid or not available
WARNING: [Board 49-26] cannot add Board Part digilentinc.com:zybo-z7-20:part0:1.0 available at C:/Xilinx/Vivado/2019.2/data/boards/board_files/zybo-z7-20/A.0/board.xml as part xc7z020clg400-1 specified in board_part file is either invalid or not available
WARNING: [Board 49-26] cannot add Board Part digilentinc.com:zybo:part0:1.0 available at C:/Xilinx/Vivado/2019.2/data/boards/board_files/zybo/B.3/board.xml as part xc7z010clg400-1 specified in board_part file is either invalid or not available
WARNING: [Board 49-26] cannot add Board Part digilentinc.com:arty-z7-10:part0:1.0 available at C:/Xilinx/Vivado/2019.2/data/boards/board_files/arty-z7-10/A.0/board.xml as part xc7z010clg400-1 specified in board_part file is either invalid or not available
WARNING: [Board 49-26] cannot add Board Part digilentinc.com:arty-z7-20:part0:1.0 available at C:/Xilinx/Vivado/2019.2/data/boards/board_files/arty-z7-20/A.0/board.xml as part xc7z020clg400-1 specified in board_part file is either invalid or not available
WARNING: [Board 49-26] cannot add Board Part digilentinc.com:zedboard:part0:1.0 available at C:/Xilinx/Vivado/2019.2/data/boards/board_files/zedboard/1.3/board.xml as part xc7z020clg484-1 specified in board_part file is either invalid or not available
WARNING: [Board 49-26] cannot add Board Part digilentinc.com:zybo-z7-10:part0:1.0 available at C:/Xilinx/Vivado/2019.2/data/boards/board_files/zybo-z7-10/A.0/board.xml as part xc7z010clg400-1 specified in board_part file is either invalid or not available
WARNING: [Board 49-26] cannot add Board Part digilentinc.com:zybo-z7-20:part0:1.0 available at C:/Xilinx/Vivado/2019.2/data/boards/board_files/zybo-z7-20/A.0/board.xml as part xc7z020clg400-1 specified in board_part file is either invalid or not available
WARNING: [Board 49-26] cannot add Board Part digilentinc.com:zybo:part0:1.0 available at C:/Xilinx/Vivado/2019.2/data/boards/board_files/zybo/B.3/board.xml as part xc7z010clg400-1 specified in board_part file is either invalid or not available
WARNING: [Board 49-26] cannot add Board Part digilentinc.com:arty-z7-10:part0:1.0 available at C:/Xilinx/Vivado/2019.2/data/boards/board_files/arty-z7-10/A.0/board.xml as part xc7z010clg400-1 specified in board_part file is either invalid or not available
WARNING: [Board 49-26] cannot add Board Part digilentinc.com:arty-z7-20:part0:1.0 available at C:/Xilinx/Vivado/2019.2/data/boards/board_files/arty-z7-20/A.0/board.xml as part xc7z020clg400-1 specified in board_part file is either invalid or not available
WARNING: [Board 49-26] cannot add Board Part digilentinc.com:zedboard:part0:1.0 available at C:/Xilinx/Vivado/2019.2/data/boards/board_files/zedboard/1.3/board.xml as part xc7z020clg484-1 specified in board_part file is either invalid or not available
WARNING: [Board 49-26] cannot add Board Part digilentinc.com:zybo-z7-10:part0:1.0 available at C:/Xilinx/Vivado/2019.2/data/boards/board_files/zybo-z7-10/A.0/board.xml as part xc7z010clg400-1 specified in board_part file is either invalid or not available
WARNING: [Board 49-26] cannot add Board Part digilentinc.com:zybo-z7-20:part0:1.0 available at C:/Xilinx/Vivado/2019.2/data/boards/board_files/zybo-z7-20/A.0/board.xml as part xc7z020clg400-1 specified in board_part file is either invalid or not available
WARNING: [Board 49-26] cannot add Board Part digilentinc.com:zybo:part0:1.0 available at C:/Xilinx/Vivado/2019.2/data/boards/board_files/zybo/B.3/board.xml as part xc7z010clg400-1 specified in board_part file is either invalid or not available
INFO: [BD 41-1029] Generation completed for the IP Integrator block axi_uartlite_0 .
INFO: [BD 41-1029] Generation completed for the IP Integrator block axi_timer_0 .
INFO: [BD 41-1029] Generation completed for the IP Integrator block fit_timer_0 .
Exporting to file C:/Users/Duarte Dias/Desktop/Trab5/Vivado/CountDownTimerProj5_p4/CountDownTimerProj5_p4.srcs/sources_1/bd/mb_design/hw_handoff/mb_design.hwh
Generated Block Design Tcl file C:/Users/Duarte Dias/Desktop/Trab5/Vivado/CountDownTimerProj5_p4/CountDownTimerProj5_p4.srcs/sources_1/bd/mb_design/hw_handoff/mb_design_bd.tcl
Generated Hardware Definition File C:/Users/Duarte Dias/Desktop/Trab5/Vivado/CountDownTimerProj5_p4/CountDownTimerProj5_p4.srcs/sources_1/bd/mb_design/synth/mb_design.hwdef
[Sun Jun 21 00:37:19 2020] Launched mb_design_axi_uartlite_0_0_synth_1, synth_1...
Run output will be captured here:
mb_design_axi_uartlite_0_0_synth_1: C:/Users/Duarte Dias/Desktop/MD5_software/MD5_software.runs/mb_design_axi_uartlite_0_0_synth_1/runme.log
synth_1: C:/Users/Duarte Dias/Desktop/MD5_software/MD5_software.runs/synth_1/runme.log
[Sun Jun 21 00:37:20 2020] Launched impl_1...
Run output will be captured here: C:/Users/Duarte Dias/Desktop/MD5_software/MD5_software.runs/impl_1/runme.log
launch_runs: Time (s): cpu = 00:00:14 ; elapsed = 00:00:22 . Memory (MB): peak = 1128.125 ; gain = 170.012
write_hw_platform -fixed -force  -include_bit -file C:/Xilinx/Projects/MD5/mb_design_wrapper.xsa
INFO: [Vivado 12-4895] Creating Hardware Platform: C:/Xilinx/Projects/MD5/mb_design_wrapper.xsa ...
INFO: [Hsi 55-2053] elapsed time for repository (C:/Xilinx/Vivado/2019.2/data\embeddedsw) loading 3 seconds
WARNING: [Project 1-645] Board images not set in Hardware Platform.
INFO: [Vivado 12-4896] Successfully created Hardware Platform: C:/Xilinx/Projects/MD5/mb_design_wrapper.xsa
exit
INFO: [Common 17-206] Exiting Vivado at Sun Jun 21 00:47:18 2020...
