#-----------------------------------------------------------
# Vivado v2019.2 (64-bit)
# SW Build 2708876 on Wed Nov  6 21:40:23 MST 2019
# IP Build 2700528 on Thu Nov  7 00:09:20 MST 2019
# Start of session at: Sat Jun 20 19:02:19 2020
# Process ID: 1804
# Current directory: C:/Users/Duarte Dias/Desktop/MD5_software
# Command line: vivado.exe -gui_launcher_event rodinguilauncherevent1248 C:\Users\Duarte Dias\Desktop\MD5_software\MD5_software.xpr
# Log file: C:/Users/Duarte Dias/Desktop/MD5_software/vivado.log
# Journal file: C:/Users/Duarte Dias/Desktop/MD5_software\vivado.jou
#-----------------------------------------------------------
start_gui
open_project {C:/Users/Duarte Dias/Desktop/MD5_software/MD5_software.xpr}
Scanning sources...
Finished scanning sources
INFO: [IP_Flow 19-234] Refreshing IP repositories
INFO: [IP_Flow 19-1704] No user IP repositories specified
INFO: [IP_Flow 19-2313] Loaded Vivado IP repository 'C:/Xilinx/Vivado/2019.2/data/ip'.
open_project: Time (s): cpu = 00:00:21 ; elapsed = 00:00:27 . Memory (MB): peak = 765.742 ; gain = 134.594
update_compile_order -fileset sources_1
exit
INFO: [Common 17-206] Exiting Vivado at Sat Jun 20 19:04:33 2020...
