#-----------------------------------------------------------
# Webtalk v2019.2 (64-bit)
# SW Build 2708876 on Wed Nov  6 21:40:23 MST 2019
# 
# Start of session at: Tue Jun 23 17:38:56 2020
# Process ID: 4304
# Current directory: C:/Xilinx/Projects/MD5/webtalk
# Command line: wbtcv.exe -mode batch -source vitis_webtalk.tcl
# Log file: C:/Xilinx/Projects/MD5/webtalk/webtalk.log
# Journal file: C:/Xilinx/Projects/MD5/webtalk\webtalk.jou
#-----------------------------------------------------------
source vitis_webtalk.tcl
# webtalk_init -webtalk_dir C:\\Xilinx\\Projects\\MD5\\webtalk
# webtalk_register_client -client project
# webtalk_add_data -client project -key date_generated -value "2020-06-23 17:38:47" -context "software_version_and_target_device"
# webtalk_add_data -client project -key product_version -value "Vitis v2019.2" -context "software_version_and_target_device"
# webtalk_add_data -client project -key build_version -value "2019.2" -context "software_version_and_target_device"
# webtalk_add_data -client project -key os_platform -value "amd64" -context "software_version_and_target_device"
# webtalk_add_data -client project -key registration_id -value "NA" -context "software_version_and_target_device"
# webtalk_add_data -client project -key tool_flow -value "Vitis" -context "software_version_and_target_device"
# webtalk_add_data -client project -key beta -value "false" -context "software_version_and_target_device"
# webtalk_add_data -client project -key route_design -value "NA" -context "software_version_and_target_device"
# webtalk_add_data -client project -key target_family -value "NA" -context "software_version_and_target_device"
# webtalk_add_data -client project -key target_device -value "NA" -context "software_version_and_target_device"
# webtalk_add_data -client project -key target_package -value "NA" -context "software_version_and_target_device"
# webtalk_add_data -client project -key target_speed -value "NA" -context "software_version_and_target_device"
# webtalk_add_data -client project -key random_id -value "1bdfdfdd69c8ba3b1ph3j2befi" -context "software_version_and_target_device"
# webtalk_add_data -client project -key project_id -value "2019.2_56" -context "software_version_and_target_device"
# webtalk_add_data -client project -key project_iteration -value "56" -context "software_version_and_target_device"
# webtalk_add_data -client project -key os_name -value "Microsoft Windows 8 or later , 64-bit" -context "user_environment"
# webtalk_add_data -client project -key os_release -value "major release  (build 9200)" -context "user_environment"
# webtalk_add_data -client project -key cpu_name -value "Intel(R) Core(TM) i5-6267U CPU @ 2.90GHz" -context "user_environment"
# webtalk_add_data -client project -key cpu_speed -value "2903 MHz" -context "user_environment"
# webtalk_add_data -client project -key total_processors -value "1" -context "user_environment"
# webtalk_add_data -client project -key system_ram -value "4.294 GB" -context "user_environment"
# webtalk_register_client -client vitis
# webtalk_add_data -client vitis -key uid -value "NA" -context "vitis\\\\tool/1592930326976"
# webtalk_add_data -client vitis -key RecordType -value "ToolUsage" -context "vitis\\\\tool/1592930326976"
# webtalk_add_data -client vitis -key BOOTGEN_count -value "0" -context "vitis\\\\tool/1592930326976"
# webtalk_add_data -client vitis -key FLASH_count -value "0" -context "vitis\\\\tool/1592930326976"
# webtalk_add_data -client vitis -key MOVE_APP_TO_SYSTEM_count -value "0" -context "vitis\\\\tool/1592930326976"
# webtalk_add_data -client vitis -key SDX_EXPORT_count -value "0" -context "vitis\\\\tool/1592930326976"
# webtalk_add_data -client vitis -key SDX_IMPORT_count -value "0" -context "vitis\\\\tool/1592930326976"
# webtalk_add_data -client vitis -key SDX_BUILD_count -value "0" -context "vitis\\\\tool/1592930326976"
# webtalk_add_data -client vitis -key SDX_NO_OP_BUILD_count -value "19" -context "vitis\\\\tool/1592930326976"
# webtalk_add_data -client vitis -key TCF_APP_DEBUG_count -value "17" -context "vitis\\\\tool/1592930326976"
# webtalk_add_data -client vitis -key TCF_SYSTEM_DEBUG_count -value "16" -context "vitis\\\\tool/1592930326976"
# webtalk_add_data -client vitis -key GDB_DEBUG_count -value "0" -context "vitis\\\\tool/1592930326976"
# webtalk_add_data -client vitis -key QEMU_DEBUG_count -value "0" -context "vitis\\\\tool/1592930326976"
# webtalk_add_data -client vitis -key ESTIMATION_DEBUG_count -value "0" -context "vitis\\\\tool/1592930326976"
# webtalk_add_data -client vitis -key SDSOC_TRACE_count -value "0" -context "vitis\\\\tool/1592930326976"
# webtalk_add_data -client vitis -key PERFORMANCE_ANALYSIS_count -value "0" -context "vitis\\\\tool/1592930326976"
# webtalk_add_data -client vitis -key SPM_ANALYSIS_count -value "0" -context "vitis\\\\tool/1592930326976"
# webtalk_add_data -client vitis -key CROSS_TRIGGER_count -value "0" -context "vitis\\\\tool/1592930326976"
# webtalk_add_data -client vitis -key TCF_PROFILER_count -value "0" -context "vitis\\\\tool/1592930326976"
# webtalk_add_data -client vitis -key APPLICATION_PLATFORM_CHANGE_count -value "0" -context "vitis\\\\tool/1592930326976"
# webtalk_add_data -client vitis -key APPLICATION_SYS_CONFIG_CHANGE_count -value "0" -context "vitis\\\\tool/1592930326976"
# webtalk_add_data -client vitis -key SYSTEM_PLATFORM_CHANGE_count -value "0" -context "vitis\\\\tool/1592930326976"
# webtalk_transmit -clientid 3773399278 -regid "" -xml C:\\Xilinx\\Projects\\MD5\\webtalk\\usage_statistics_ext_vitis.xml -html C:\\Xilinx\\Projects\\MD5\\webtalk\\usage_statistics_ext_vitis.html -wdm C:\\Xilinx\\Projects\\MD5\\webtalk\\vitis_webtalk.wdm -intro "<H3>Vitis Usage Report</H3><BR>"
INFO: [Common 17-186] 'C:\Xilinx\Projects\MD5\webtalk\usage_statistics_ext_vitis.xml' has been successfully sent to Xilinx on Tue Jun 23 17:39:11 2020. For additional details about this file, please refer to the WebTalk help file at C:/Xilinx/Vitis/2019.2/doc/webtalk_introduction.html.
webtalk_transmit: Time (s): cpu = 00:00:00 ; elapsed = 00:00:12 . Memory (MB): peak = 69.383 ; gain = 0.000
# webtalk_terminate
INFO: [Common 17-206] Exiting Webtalk at Tue Jun 23 17:39:11 2020...
