#-----------------------------------------------------------
# Vivado v2019.2 (64-bit)
# SW Build 2708876 on Wed Nov  6 21:40:23 MST 2019
# IP Build 2700528 on Thu Nov  7 00:09:20 MST 2019
# Start of session at: Sat Jun 13 10:28:04 2020
# Process ID: 14728
# Current directory: C:/Users/catar/Desktop/git/md5-hardware/Md5Demo
# Command line: vivado.exe -gui_launcher_event rodinguilauncherevent1548 C:\Users\catar\Desktop\git\md5-hardware\Md5Demo\Md5Demo.xpr
# Log file: C:/Users/catar/Desktop/git/md5-hardware/Md5Demo/vivado.log
# Journal file: C:/Users/catar/Desktop/git/md5-hardware/Md5Demo\vivado.jou
#-----------------------------------------------------------
start_gui
open_project C:/Users/catar/Desktop/git/md5-hardware/Md5Demo/Md5Demo.xpr
INFO: [Project 1-313] Project file moved from 'C:/Users/catar/Desktop/git/cr-hashfunction/Md5Demo' since last save.
Scanning sources...
Finished scanning sources
INFO: [IP_Flow 19-234] Refreshing IP repositories
INFO: [IP_Flow 19-1700] Loaded user IP repository 'c:/Users/catar/Desktop/git/md5-hardware/ip_repo/Md5HashFunction_1.0'.
INFO: [IP_Flow 19-1700] Loaded user IP repository 'c:/Users/catar/Desktop/git/vivado-xilinx-tutorials/timer-soft-hard/project/part1/ip_repo'.
INFO: [IP_Flow 19-1700] Loaded user IP repository 'c:/Users/catar/Desktop/git/vivado-xilinx-tutorials/axi-stream/ip_repo/ReverseEndianessCop_1.0'.
INFO: [IP_Flow 19-2313] Loaded Vivado IP repository 'C:/Xilinx/Vivado/2019.2/data/ip'.
open_project: Time (s): cpu = 00:00:17 ; elapsed = 00:00:12 . Memory (MB): peak = 803.309 ; gain = 194.406
update_compile_order -fileset sources_1
INFO: [Vivado 12-8231] Launching Vitis
INFO: [Vivado 12-417] Running vitis
INFO: [Vivado 12-8232] Vitis launch initiated. Please check console for any further messages.
exit
INFO: [Common 17-206] Exiting Vivado at Sat Jun 13 12:20:50 2020...
