#-----------------------------------------------------------
# Vivado v2019.2 (64-bit)
# SW Build 2708876 on Wed Nov  6 21:40:23 MST 2019
# IP Build 2700528 on Thu Nov  7 00:09:20 MST 2019
# Start of session at: Mon Jun 22 22:53:31 2020
# Process ID: 3992
# Current directory: C:/Users/catar/Desktop/git/md5-hardware/backup/Md5Demo
# Command line: vivado.exe -gui_launcher_event rodinguilauncherevent7716 C:\Users\catar\Desktop\git\md5-hardware\backup\Md5Demo\Md5Demo.xpr
# Log file: C:/Users/catar/Desktop/git/md5-hardware/backup/Md5Demo/vivado.log
# Journal file: C:/Users/catar/Desktop/git/md5-hardware/backup/Md5Demo\vivado.jou
#-----------------------------------------------------------
start_gui
open_project C:/Users/catar/Desktop/git/md5-hardware/backup/Md5Demo/Md5Demo.xpr
INFO: [Project 1-313] Project file moved from 'C:/Users/catar/Desktop/git/md5-hardware/Md5Demo' since last save.
Scanning sources...
Finished scanning sources
INFO: [filemgmt 56-1] IP Repository Path: Directory not found as 'C:/Users/catar/Desktop/git/md5-hardware/backup/ip_repo/Md5HashFunction_1.0'; using path 'C:/Users/catar/Desktop/git/md5-hardware/ip_repo/Md5HashFunction_1.0' instead.
WARNING: [filemgmt 56-2] IP Repository Path: Could not find the directory 'C:/Users/catar/Desktop/git/md5-hardware/vivado-xilinx-tutorials/timer-soft-hard/project/part1/ip_repo', nor could it be found using path 'C:/Users/catar/Desktop/git/vivado-xilinx-tutorials/timer-soft-hard/project/part1/ip_repo'.
INFO: [filemgmt 56-1] IP Repository Path: Directory not found as 'C:/Users/catar/Desktop/git/md5-hardware/vivado-xilinx-tutorials/axi-stream/ip_repo/ReverseEndianessCop_1.0'; using path 'C:/Users/catar/Desktop/git/vivado-xilinx-tutorials/axi-stream/ip_repo/ReverseEndianessCop_1.0' instead.
INFO: [IP_Flow 19-234] Refreshing IP repositories
INFO: [IP_Flow 19-1700] Loaded user IP repository 'c:/Users/catar/Desktop/git/md5-hardware/ip_repo/Md5HashFunction_1.0'.
WARNING: [IP_Flow 19-2248] Failed to load user IP repository 'c:/Users/catar/Desktop/git/md5-hardware/vivado-xilinx-tutorials/timer-soft-hard/project/part1/ip_repo'; Can't find the specified path.
If this directory should no longer be in your list of user repositories, go to the IP Settings dialog and remove it.
INFO: [IP_Flow 19-1700] Loaded user IP repository 'c:/Users/catar/Desktop/git/vivado-xilinx-tutorials/axi-stream/ip_repo/ReverseEndianessCop_1.0'.
INFO: [IP_Flow 19-2313] Loaded Vivado IP repository 'C:/Xilinx/Vivado/2019.2/data/ip'.
open_project: Time (s): cpu = 00:00:18 ; elapsed = 00:00:11 . Memory (MB): peak = 806.293 ; gain = 169.449
update_compile_order -fileset sources_1
exit
INFO: [Common 17-206] Exiting Vivado at Mon Jun 22 22:54:12 2020...
