#-----------------------------------------------------------
# Vivado v2019.2 (64-bit)
# SW Build 2708876 on Wed Nov  6 21:40:23 MST 2019
# IP Build 2700528 on Thu Nov  7 00:09:20 MST 2019
# Start of session at: Mon Jun 29 14:56:33 2020
# Process ID: 21736
# Current directory: C:/Users/catar/Desktop/git/md5-hardware/Md5Demo
# Command line: vivado.exe -gui_launcher_event rodinguilauncherevent21744 C:\Users\catar\Desktop\git\md5-hardware\Md5Demo\Md5Demo.xpr
# Log file: C:/Users/catar/Desktop/git/md5-hardware/Md5Demo/vivado.log
# Journal file: C:/Users/catar/Desktop/git/md5-hardware/Md5Demo\vivado.jou
#-----------------------------------------------------------
start_gui
open_project C:/Users/catar/Desktop/git/md5-hardware/Md5Demo/Md5Demo.xpr
Scanning sources...
Finished scanning sources
WARNING: [filemgmt 56-3] IP Repository Path: Could not find the directory 'C:/Users/catar/Desktop/git/vivado-xilinx-tutorials/timer-soft-hard/project/part1/ip_repo'.
INFO: [IP_Flow 19-234] Refreshing IP repositories
INFO: [IP_Flow 19-1700] Loaded user IP repository 'c:/Users/catar/Desktop/git/md5-hardware/ip_repo/Md5HashFunction_1.0'.
WARNING: [IP_Flow 19-2248] Failed to load user IP repository 'c:/Users/catar/Desktop/git/vivado-xilinx-tutorials/timer-soft-hard/project/part1/ip_repo'; Can't find the specified path.
If this directory should no longer be in your list of user repositories, go to the IP Settings dialog and remove it.
INFO: [IP_Flow 19-1700] Loaded user IP repository 'c:/Users/catar/Desktop/git/vivado-xilinx-tutorials/axi-stream/ip_repo/ReverseEndianessCop_1.0'.
INFO: [IP_Flow 19-2313] Loaded Vivado IP repository 'C:/Xilinx/Vivado/2019.2/data/ip'.
open_project: Time (s): cpu = 00:00:15 ; elapsed = 00:00:10 . Memory (MB): peak = 791.059 ; gain = 154.168
update_compile_order -fileset sources_1
open_bd_design {C:/Users/catar/Desktop/git/md5-hardware/Md5Demo/Md5Demo.srcs/sources_1/bd/mb_design/mb_design.bd}
Adding component instance block -- xilinx.com:ip:axi_interconnect:2.1 - microblaze_0_axi_periph
Adding component instance block -- xilinx.com:ip:axi_crossbar:2.1 - xbar
Adding component instance block -- xilinx.com:ip:axi_protocol_converter:2.1 - auto_pc
Adding component instance block -- xilinx.com:ip:axi_protocol_converter:2.1 - auto_pc
Adding component instance block -- xilinx.com:ip:axi_protocol_converter:2.1 - auto_pc
Adding component instance block -- xilinx.com:ip:axi_protocol_converter:2.1 - auto_pc
Adding component instance block -- xilinx.com:ip:axi_protocol_converter:2.1 - auto_pc
Adding component instance block -- xilinx.com:ip:axi_protocol_converter:2.1 - auto_pc
Adding component instance block -- xilinx.com:ip:axi_protocol_converter:2.1 - auto_pc
Adding component instance block -- xilinx.com:ip:axi_protocol_converter:2.1 - auto_pc
Adding component instance block -- xilinx.com:ip:axi_protocol_converter:2.1 - auto_pc
Adding component instance block -- xilinx.com:ip:axi_intc:4.1 - microblaze_0_axi_intc
Adding component instance block -- xilinx.com:ip:xlconcat:2.1 - microblaze_0_xlconcat
Adding component instance block -- xilinx.com:ip:mdm:3.2 - mdm_1
Adding component instance block -- xilinx.com:ip:clk_wiz:6.0 - clk_wiz_1
Adding component instance block -- xilinx.com:ip:proc_sys_reset:5.0 - rst_clk_wiz_1_100M
Adding component instance block -- xilinx.com:ip:axi_gpio:2.0 - axi_gpio_buttons
Adding component instance block -- xilinx.com:ip:axi_gpio:2.0 - axi_gpio_switches
Adding component instance block -- xilinx.com:ip:axi_gpio:2.0 - axi_gpio_leds
Adding component instance block -- xilinx.com:ip:axi_gpio:2.0 - axi_gpio_display
Adding component instance block -- xilinx.com:ip:axi_uartlite:2.0 - axi_uartlite_0
Adding component instance block -- xilinx.com:ip:axi_timer:2.0 - axi_timer_0
Adding component instance block -- xilinx.com:ip:fit_timer:2.0 - fit_timer_0
Adding component instance block -- xilinx.com:ip:axi_emc:3.0 - axi_emc_0
Adding component instance block -- xilinx.com:ip:microblaze:11.0 - microblaze_0
Adding component instance block -- xilinx.com:ip:lmb_v10:3.0 - dlmb_v10
Adding component instance block -- xilinx.com:ip:lmb_v10:3.0 - ilmb_v10
Adding component instance block -- xilinx.com:ip:lmb_bram_if_cntlr:4.0 - dlmb_bram_if_cntlr
Adding component instance block -- xilinx.com:ip:lmb_bram_if_cntlr:4.0 - ilmb_bram_if_cntlr
Adding component instance block -- xilinx.com:ip:blk_mem_gen:8.4 - lmb_bram
Adding component instance block -- xilinx.com:ip:axi_dma:7.1 - axi_dma_0
Adding component instance block -- xilinx.com:ip:axis_data_fifo:2.0 - axis_data_fifo_0
Adding component instance block -- xilinx.com:user:Md5HashFunction:1.0 - Md5HashFunction_0
Excluding slave segment /axi_dma_0/S_AXI_LITE/Reg from address space /axi_dma_0/Data_MM2S.
Excluding slave segment /axi_gpio_buttons/S_AXI/Reg from address space /axi_dma_0/Data_MM2S.
Excluding slave segment /axi_gpio_display/S_AXI/Reg from address space /axi_dma_0/Data_MM2S.
Excluding slave segment /axi_gpio_leds/S_AXI/Reg from address space /axi_dma_0/Data_MM2S.
Excluding slave segment /axi_gpio_switches/S_AXI/Reg from address space /axi_dma_0/Data_MM2S.
Excluding slave segment /axi_timer_0/S_AXI/Reg from address space /axi_dma_0/Data_MM2S.
Excluding slave segment /axi_uartlite_0/S_AXI/Reg from address space /axi_dma_0/Data_MM2S.
Excluding slave segment /microblaze_0_axi_intc/S_AXI/Reg from address space /axi_dma_0/Data_MM2S.
Excluding slave segment /axi_dma_0/S_AXI_LITE/Reg from address space /axi_dma_0/Data_S2MM.
Excluding slave segment /axi_gpio_buttons/S_AXI/Reg from address space /axi_dma_0/Data_S2MM.
Excluding slave segment /axi_gpio_display/S_AXI/Reg from address space /axi_dma_0/Data_S2MM.
Excluding slave segment /axi_gpio_leds/S_AXI/Reg from address space /axi_dma_0/Data_S2MM.
Excluding slave segment /axi_gpio_switches/S_AXI/Reg from address space /axi_dma_0/Data_S2MM.
Excluding slave segment /axi_timer_0/S_AXI/Reg from address space /axi_dma_0/Data_S2MM.
Excluding slave segment /axi_uartlite_0/S_AXI/Reg from address space /axi_dma_0/Data_S2MM.
Excluding slave segment /microblaze_0_axi_intc/S_AXI/Reg from address space /axi_dma_0/Data_S2MM.
Successfully read diagram <mb_design> from BD file <C:/Users/catar/Desktop/git/md5-hardware/Md5Demo/Md5Demo.srcs/sources_1/bd/mb_design/mb_design.bd>
open_bd_design: Time (s): cpu = 00:00:12 ; elapsed = 00:00:10 . Memory (MB): peak = 1484.594 ; gain = 1.656
exit
INFO: [Common 17-206] Exiting Vivado at Mon Jun 29 15:00:37 2020...
