#-----------------------------------------------------------
# Vivado v2019.2 (64-bit)
# SW Build 2708876 on Wed Nov  6 21:40:23 MST 2019
# IP Build 2700528 on Thu Nov  7 00:09:20 MST 2019
# Start of session at: Sun Jun  7 18:17:40 2020
# Process ID: 2888
# Current directory: C:/Users/Duarte Dias/Desktop/MD5
# Command line: vivado.exe -gui_launcher_event rodinguilauncherevent4104 C:\Users\Duarte Dias\Desktop\MD5\MD5.xpr
# Log file: C:/Users/Duarte Dias/Desktop/MD5/vivado.log
# Journal file: C:/Users/Duarte Dias/Desktop/MD5\vivado.jou
#-----------------------------------------------------------
start_gui
open_project {C:/Users/Duarte Dias/Desktop/MD5/MD5.xpr}
CRITICAL WARNING: [Project 1-19] Could not find the file 'C:/Users/Duarte Dias/Desktop/MD5/MD5.srcs/sources_1/imports/Catarina/Nexys4DispDriver.vhd'.
CRITICAL WARNING: [Project 1-19] Could not find the file 'C:/Users/Duarte Dias/Desktop/MD5/MD5.srcs/sources_1/imports/Catarina/PulseGenerator.vhd'.
CRITICAL WARNING: [Project 1-19] Could not find the file 'C:/Users/Duarte Dias/Desktop/MD5/MD5.srcs/sources_1/imports/hardware-md5/md5.vhd'.
CRITICAL WARNING: [Project 1-19] Could not find the file 'C:/Users/Duarte Dias/Desktop/MD5/MD5.srcs/sources_1/imports/hardware-md5/md5Demo.vhd'.
Scanning sources...
Finished scanning sources
INFO: [IP_Flow 19-234] Refreshing IP repositories
INFO: [IP_Flow 19-1704] No user IP repositories specified
INFO: [IP_Flow 19-2313] Loaded Vivado IP repository 'C:/Xilinx/Vivado/2019.2/data/ip'.
open_project: Time (s): cpu = 00:00:17 ; elapsed = 00:00:16 . Memory (MB): peak = 736.086 ; gain = 119.258
update_compile_order -fileset sources_1
update_files -from_files {{C:/Users/Duarte Dias/Desktop/MD5/MD5.srcs/sources_1/imports/Nexys4DispDriver.vhd}} -to_files {{C:/Users/Duarte Dias/Desktop/MD5/MD5.srcs/sources_1/imports/Catarina/Nexys4DispDriver.vhd}} -filesets [get_filesets *]
INFO: [filemgmt 20-762] Replacing file 'C:/Users/Duarte Dias/Desktop/MD5/MD5.srcs/sources_1/imports/Catarina/Nexys4DispDriver.vhd' with file 'C:/Users/Duarte Dias/Desktop/MD5/MD5.srcs/sources_1/imports/Nexys4DispDriver.vhd'.
INFO: [filemgmt 20-1080] Importing file from 'C:/Users/Duarte Dias/Desktop/MD5/MD5.srcs/sources_1/imports/Nexys4DispDriver.vhd' to 'C:/Users/Duarte Dias/Desktop/MD5/MD5.srcs/sources_1/imports/Catarina/Nexys4DispDriver.vhd'.
ERROR: [filemgmt 20-1081] Replace file failure for imported file. Reimport failed. Error copying file locally: C:/Users/Duarte Dias/Desktop/MD5/MD5.srcs/sources_1/imports/Nexys4DispDriver.vhd
ERROR: [Common 17-39] 'update_files' failed due to earlier errors.
add_files -norecurse {{C:/Users/Duarte Dias/Desktop/MD5/MD5.srcs/sources_1/imports/md5Demo.vhd} {C:/Users/Duarte Dias/Desktop/MD5/MD5.srcs/sources_1/imports/md5.vhd} {C:/Users/Duarte Dias/Desktop/MD5/MD5.srcs/sources_1/imports/Nexys4DispDriver.vhd} {C:/Users/Duarte Dias/Desktop/MD5/MD5.srcs/sources_1/imports/PulseGenerator.vhd}}
update_compile_order -fileset sources_1
export_ip_user_files -of_objects  [get_files {{C:/Users/Duarte Dias/Desktop/MD5/MD5.srcs/sources_1/imports/Catarina/Nexys4DispDriver.vhd}}] -no_script -reset -force -quiet
remove_files  {{C:/Users/Duarte Dias/Desktop/MD5/MD5.srcs/sources_1/imports/Catarina/Nexys4DispDriver.vhd}}
export_ip_user_files -of_objects  [get_files {{C:/Users/Duarte Dias/Desktop/MD5/MD5.srcs/sources_1/imports/Catarina/PulseGenerator.vhd}}] -no_script -reset -force -quiet
remove_files  {{C:/Users/Duarte Dias/Desktop/MD5/MD5.srcs/sources_1/imports/Catarina/PulseGenerator.vhd}}
export_ip_user_files -of_objects  [get_files {{C:/Users/Duarte Dias/Desktop/MD5/MD5.srcs/sources_1/imports/hardware-md5/md5.vhd}}] -no_script -reset -force -quiet
remove_files  {{C:/Users/Duarte Dias/Desktop/MD5/MD5.srcs/sources_1/imports/hardware-md5/md5.vhd}}
export_ip_user_files -of_objects  [get_files {{C:/Users/Duarte Dias/Desktop/MD5/MD5.srcs/sources_1/imports/hardware-md5/md5Demo.vhd}}] -no_script -reset -force -quiet
remove_files  {{C:/Users/Duarte Dias/Desktop/MD5/MD5.srcs/sources_1/imports/hardware-md5/md5Demo.vhd}}
add_files -fileset constrs_1 -norecurse {{C:/Users/Duarte Dias/Desktop/MD5/MD5.srcs/constrs_1/imports/Nexys4_Master.xdc}}
export_ip_user_files -of_objects  [get_files {{C:/Users/Duarte Dias/Desktop/MD5/MD5.srcs/constrs_1/imports/Catarina/Nexys4_Master.xdc}}] -no_script -reset -force -quiet
remove_files  -fileset constrs_1 {{C:/Users/Duarte Dias/Desktop/MD5/MD5.srcs/constrs_1/imports/Catarina/Nexys4_Master.xdc}}
exit
INFO: [Common 17-206] Exiting Vivado at Sun Jun  7 18:26:49 2020...
