#-----------------------------------------------------------
# Vivado v2019.2 (64-bit)
# SW Build 2708876 on Wed Nov  6 21:40:23 MST 2019
# IP Build 2700528 on Thu Nov  7 00:09:20 MST 2019
# Start of session at: Sun Jul 12 10:40:52 2020
# Process ID: 7396
# Current directory: C:/Users/catar/Desktop/git/md5-hardware/hardware-md5
# Command line: vivado.exe -gui_launcher_event rodinguilauncherevent18952 C:\Users\catar\Desktop\git\md5-hardware\hardware-md5\MD5.xpr
# Log file: C:/Users/catar/Desktop/git/md5-hardware/hardware-md5/vivado.log
# Journal file: C:/Users/catar/Desktop/git/md5-hardware/hardware-md5\vivado.jou
#-----------------------------------------------------------
start_gui
open_project C:/Users/catar/Desktop/git/md5-hardware/hardware-md5/MD5.xpr
Scanning sources...
Finished scanning sources
INFO: [IP_Flow 19-234] Refreshing IP repositories
INFO: [IP_Flow 19-1704] No user IP repositories specified
INFO: [IP_Flow 19-2313] Loaded Vivado IP repository 'C:/Xilinx/Vivado/2019.2/data/ip'.
open_project: Time (s): cpu = 00:00:12 ; elapsed = 00:00:06 . Memory (MB): peak = 753.281 ; gain = 115.422
update_compile_order -fileset sources_1
reset_run synth_1
launch_runs impl_1 -to_step write_bitstream -jobs 4
[Sun Jul 12 10:48:32 2020] Launched synth_1...
Run output will be captured here: C:/Users/catar/Desktop/git/md5-hardware/hardware-md5/MD5.runs/synth_1/runme.log
[Sun Jul 12 10:48:32 2020] Launched impl_1...
Run output will be captured here: C:/Users/catar/Desktop/git/md5-hardware/hardware-md5/MD5.runs/impl_1/runme.log
reset_run synth_1
launch_runs impl_1 -to_step write_bitstream -jobs 4
[Sun Jul 12 12:10:50 2020] Launched synth_1...
Run output will be captured here: C:/Users/catar/Desktop/git/md5-hardware/hardware-md5/MD5.runs/synth_1/runme.log
[Sun Jul 12 12:10:50 2020] Launched impl_1...
Run output will be captured here: C:/Users/catar/Desktop/git/md5-hardware/hardware-md5/MD5.runs/impl_1/runme.log
exit
INFO: [Common 17-206] Exiting Vivado at Sun Jul 12 12:16:09 2020...
