
*** Running vivado
    with args -log MD5HF_v1_0.vds -m64 -product Vivado -mode batch -messageDb vivado.pb -notrace -source MD5HF_v1_0.tcl


****** Vivado v2019.2 (64-bit)
  **** SW Build 2708876 on Wed Nov  6 21:40:23 MST 2019
  **** IP Build 2700528 on Thu Nov  7 00:09:20 MST 2019
    ** Copyright 1986-2019 Xilinx, Inc. All Rights Reserved.

source MD5HF_v1_0.tcl -notrace
INFO: [IP_Flow 19-234] Refreshing IP repositories
INFO: [IP_Flow 19-1700] Loaded user IP repository 'c:/Users/catar/Desktop/git/md5-hardware/ip_repo/MD5HF_1.0'.
INFO: [IP_Flow 19-1700] Loaded user IP repository 'c:/Users/catar/Desktop/git/md5-hardware/ip_repo/Md5HashFunction_1.0'.
INFO: [IP_Flow 19-2313] Loaded Vivado IP repository 'C:/Xilinx/Vivado/2019.2/data/ip'.
WARNING: [IP_Flow 19-4995] The host OS only allows 260 characters in a normal path. The IP cache path is more than 80 characters. If you experience issues with IP caching, please consider changing the IP cache to a location with a shorter path. Alternately consider using the OS subst command to map part of the path to a drive letter. 
Current IP cache path is c:/users/catar/desktop/git/md5-hardware/md5demo/md5demo.tmp/md5hf_v1_0_project/MD5HF_v1_0_project.cache/ip 
Command: synth_design -top MD5HF_v1_0 -part xc7a100tcsg324-1
Starting synth_design
Attempting to get a license for feature 'Synthesis' and/or device 'xc7a100t'
INFO: [Common 17-349] Got license for feature 'Synthesis' and/or device 'xc7a100t'
INFO: Launching helper process for spawning children vivado processes
INFO: Helper process launched with PID 9424 
---------------------------------------------------------------------------------
Starting Synthesize : Time (s): cpu = 00:00:03 ; elapsed = 00:00:04 . Memory (MB): peak = 560.512 ; gain = 245.543
---------------------------------------------------------------------------------
INFO: [Synth 8-638] synthesizing module 'MD5HF_v1_0' [c:/Users/catar/Desktop/git/md5-hardware/ip_repo/MD5HF_1.0/hdl/MD5HF_v1_0.vhd:61]
	Parameter C_S00_AXI_DATA_WIDTH bound to: 32 - type: integer 
	Parameter C_S00_AXI_ADDR_WIDTH bound to: 5 - type: integer 
	Parameter C_S00_AXIS_TDATA_WIDTH bound to: 32 - type: integer 
	Parameter C_S_AXI_DATA_WIDTH bound to: 32 - type: integer 
	Parameter C_S_AXI_ADDR_WIDTH bound to: 5 - type: integer 
INFO: [Synth 8-3491] module 'MD5HF_v1_0_S00_AXI' declared at 'c:/Users/catar/Desktop/git/md5-hardware/ip_repo/MD5HF_1.0/hdl/MD5HF_v1_0_S00_AXI.vhd:5' bound to instance 'MD5HF_v1_0_S00_AXI_inst' of component 'MD5HF_v1_0_S00_AXI' [c:/Users/catar/Desktop/git/md5-hardware/ip_repo/MD5HF_1.0/hdl/MD5HF_v1_0.vhd:145]
INFO: [Synth 8-638] synthesizing module 'MD5HF_v1_0_S00_AXI' [c:/Users/catar/Desktop/git/md5-hardware/ip_repo/MD5HF_1.0/hdl/MD5HF_v1_0_S00_AXI.vhd:88]
	Parameter C_S_AXI_DATA_WIDTH bound to: 32 - type: integer 
	Parameter C_S_AXI_ADDR_WIDTH bound to: 5 - type: integer 
INFO: [Synth 8-226] default block is never used [c:/Users/catar/Desktop/git/md5-hardware/ip_repo/MD5HF_1.0/hdl/MD5HF_v1_0_S00_AXI.vhd:238]
INFO: [Synth 8-226] default block is never used [c:/Users/catar/Desktop/git/md5-hardware/ip_repo/MD5HF_1.0/hdl/MD5HF_v1_0_S00_AXI.vhd:404]
WARNING: [Synth 8-614] signal 'resRegister' is read in the process but is not in the sensitivity list [c:/Users/catar/Desktop/git/md5-hardware/ip_repo/MD5HF_1.0/hdl/MD5HF_v1_0_S00_AXI.vhd:399]
WARNING: [Synth 8-614] signal 'done' is read in the process but is not in the sensitivity list [c:/Users/catar/Desktop/git/md5-hardware/ip_repo/MD5HF_1.0/hdl/MD5HF_v1_0_S00_AXI.vhd:399]
WARNING: [Synth 8-6014] Unused sequential element slv_reg0_reg was removed.  [c:/Users/catar/Desktop/git/md5-hardware/ip_repo/MD5HF_1.0/hdl/MD5HF_v1_0_S00_AXI.vhd:227]
WARNING: [Synth 8-6014] Unused sequential element slv_reg1_reg was removed.  [c:/Users/catar/Desktop/git/md5-hardware/ip_repo/MD5HF_1.0/hdl/MD5HF_v1_0_S00_AXI.vhd:228]
WARNING: [Synth 8-6014] Unused sequential element slv_reg2_reg was removed.  [c:/Users/catar/Desktop/git/md5-hardware/ip_repo/MD5HF_1.0/hdl/MD5HF_v1_0_S00_AXI.vhd:229]
WARNING: [Synth 8-6014] Unused sequential element slv_reg3_reg was removed.  [c:/Users/catar/Desktop/git/md5-hardware/ip_repo/MD5HF_1.0/hdl/MD5HF_v1_0_S00_AXI.vhd:230]
WARNING: [Synth 8-6014] Unused sequential element slv_reg4_reg was removed.  [c:/Users/catar/Desktop/git/md5-hardware/ip_repo/MD5HF_1.0/hdl/MD5HF_v1_0_S00_AXI.vhd:231]
WARNING: [Synth 8-6014] Unused sequential element loc_addr_reg was removed.  [c:/Users/catar/Desktop/git/md5-hardware/ip_repo/MD5HF_1.0/hdl/MD5HF_v1_0_S00_AXI.vhd:236]
INFO: [Synth 8-256] done synthesizing module 'MD5HF_v1_0_S00_AXI' (1#1) [c:/Users/catar/Desktop/git/md5-hardware/ip_repo/MD5HF_1.0/hdl/MD5HF_v1_0_S00_AXI.vhd:88]
	Parameter C_S_AXIS_TDATA_WIDTH bound to: 32 - type: integer 
INFO: [Synth 8-3491] module 'MD5HF_v1_0_S00_AXIS' declared at 'c:/Users/catar/Desktop/git/md5-hardware/ip_repo/MD5HF_1.0/hdl/MD5HF_v1_0_S00_AXIS.vhd:5' bound to instance 'MD5HF_v1_0_S00_AXIS_inst' of component 'MD5HF_v1_0_S00_AXIS' [c:/Users/catar/Desktop/git/md5-hardware/ip_repo/MD5HF_1.0/hdl/MD5HF_v1_0.vhd:178]
INFO: [Synth 8-638] synthesizing module 'MD5HF_v1_0_S00_AXIS' [c:/Users/catar/Desktop/git/md5-hardware/ip_repo/MD5HF_1.0/hdl/MD5HF_v1_0_S00_AXIS.vhd:42]
	Parameter C_S_AXIS_TDATA_WIDTH bound to: 32 - type: integer 
	Parameter k bound to: 1 - type: integer 
INFO: [Synth 8-3491] module 'RegisterP' declared at 'c:/Users/catar/Desktop/git/md5-hardware/ip_repo/MD5HF_1.0/src/register.vhd:4' bound to instance 'register_last' of component 'RegisterP' [c:/Users/catar/Desktop/git/md5-hardware/ip_repo/MD5HF_1.0/hdl/MD5HF_v1_0_S00_AXIS.vhd:80]
INFO: [Synth 8-638] synthesizing module 'RegisterP' [c:/Users/catar/Desktop/git/md5-hardware/ip_repo/MD5HF_1.0/src/register.vhd:13]
	Parameter k bound to: 1 - type: integer 
INFO: [Synth 8-256] done synthesizing module 'RegisterP' (2#1) [c:/Users/catar/Desktop/git/md5-hardware/ip_repo/MD5HF_1.0/src/register.vhd:13]
	Parameter k bound to: 32 - type: integer 
INFO: [Synth 8-3491] module 'RegisterP' declared at 'c:/Users/catar/Desktop/git/md5-hardware/ip_repo/MD5HF_1.0/src/register.vhd:4' bound to instance 'register_dataIn' of component 'RegisterP' [c:/Users/catar/Desktop/git/md5-hardware/ip_repo/MD5HF_1.0/hdl/MD5HF_v1_0_S00_AXIS.vhd:99]
INFO: [Synth 8-638] synthesizing module 'RegisterP__parameterized1' [c:/Users/catar/Desktop/git/md5-hardware/ip_repo/MD5HF_1.0/src/register.vhd:13]
	Parameter k bound to: 32 - type: integer 
INFO: [Synth 8-256] done synthesizing module 'RegisterP__parameterized1' (2#1) [c:/Users/catar/Desktop/git/md5-hardware/ip_repo/MD5HF_1.0/src/register.vhd:13]
WARNING: [Synth 8-614] signal 'S_AXIS_TVALID' is read in the process but is not in the sensitivity list [c:/Users/catar/Desktop/git/md5-hardware/ip_repo/MD5HF_1.0/hdl/MD5HF_v1_0_S00_AXIS.vhd:119]
WARNING: [Synth 8-614] signal 'S_AXIS_ARESETN' is read in the process but is not in the sensitivity list [c:/Users/catar/Desktop/git/md5-hardware/ip_repo/MD5HF_1.0/hdl/MD5HF_v1_0_S00_AXIS.vhd:119]
WARNING: [Synth 8-614] signal 's_idle' is read in the process but is not in the sensitivity list [c:/Users/catar/Desktop/git/md5-hardware/ip_repo/MD5HF_1.0/hdl/MD5HF_v1_0_S00_AXIS.vhd:119]
WARNING: [Synth 8-614] signal 's_tlastdelayed' is read in the process but is not in the sensitivity list [c:/Users/catar/Desktop/git/md5-hardware/ip_repo/MD5HF_1.0/hdl/MD5HF_v1_0_S00_AXIS.vhd:119]
INFO: [Synth 8-256] done synthesizing module 'MD5HF_v1_0_S00_AXIS' (3#1) [c:/Users/catar/Desktop/git/md5-hardware/ip_repo/MD5HF_1.0/hdl/MD5HF_v1_0_S00_AXIS.vhd:42]
INFO: [Synth 8-3491] module 'MD5' declared at 'c:/Users/catar/Desktop/git/md5-hardware/ip_repo/MD5HF_1.0/src/md5.vhd:7' bound to instance 'md5_comp' of component 'md5' [c:/Users/catar/Desktop/git/md5-hardware/ip_repo/MD5HF_1.0/hdl/MD5HF_v1_0.vhd:202]
INFO: [Synth 8-638] synthesizing module 'MD5' [c:/Users/catar/Desktop/git/md5-hardware/ip_repo/MD5HF_1.0/src/md5.vhd:18]
INFO: [Synth 8-226] default block is never used [c:/Users/catar/Desktop/git/md5-hardware/ip_repo/MD5HF_1.0/src/md5.vhd:134]
WARNING: [Synth 8-614] signal 'enable' is read in the process but is not in the sensitivity list [c:/Users/catar/Desktop/git/md5-hardware/ip_repo/MD5HF_1.0/src/md5.vhd:130]
INFO: [Synth 8-6054] Found Dynamic range expression with variable size [c:/Users/catar/Desktop/git/md5-hardware/ip_repo/MD5HF_1.0/src/md5.vhd:229]
INFO: [Synth 8-256] done synthesizing module 'MD5' (4#1) [c:/Users/catar/Desktop/git/md5-hardware/ip_repo/MD5HF_1.0/src/md5.vhd:18]
ERROR: [Synth 8-549] port width mismatch for port 'data_out': port width = 128, actual width = 32 [c:/Users/catar/Desktop/git/md5-hardware/ip_repo/MD5HF_1.0/hdl/MD5HF_v1_0.vhd:123]
ERROR: [Synth 8-285] failed synthesizing module 'MD5HF_v1_0' [c:/Users/catar/Desktop/git/md5-hardware/ip_repo/MD5HF_1.0/hdl/MD5HF_v1_0.vhd:61]
---------------------------------------------------------------------------------
Finished Synthesize : Time (s): cpu = 00:00:05 ; elapsed = 00:00:05 . Memory (MB): peak = 633.344 ; gain = 318.375
---------------------------------------------------------------------------------
synthesize failed
INFO: [Common 17-83] Releasing license: Synthesis
26 Infos, 14 Warnings, 0 Critical Warnings and 3 Errors encountered.
synth_design failed
ERROR: [Common 17-69] Command failed: Vivado Synthesis failed
INFO: [Common 17-206] Exiting Vivado at Mon Jul  6 23:45:16 2020...
